mode: set
github.com/KOMKZ/go-yogan-framework/httpclient/client.go:22.40,27.26 3 1
github.com/KOMKZ/go-yogan-framework/httpclient/client.go:27.26,29.3 1 1
github.com/KOMKZ/go-yogan-framework/httpclient/client.go:32.2,41.3 2 1
github.com/KOMKZ/go-yogan-framework/httpclient/client.go:45.91,52.16 4 1
github.com/KOMKZ/go-yogan-framework/httpclient/client.go:52.16,54.3 1 1
github.com/KOMKZ/go-yogan-framework/httpclient/client.go:55.2,55.25 1 1
github.com/KOMKZ/go-yogan-framework/httpclient/client.go:55.25,57.3 1 0
github.com/KOMKZ/go-yogan-framework/httpclient/client.go:60.2,61.113 2 1
github.com/KOMKZ/go-yogan-framework/httpclient/client.go:61.113,63.3 1 1
github.com/KOMKZ/go-yogan-framework/httpclient/client.go:64.2,67.38 2 1
github.com/KOMKZ/go-yogan-framework/httpclient/client.go:67.38,68.24 1 1
github.com/KOMKZ/go-yogan-framework/httpclient/client.go:68.24,70.4 1 1
github.com/KOMKZ/go-yogan-framework/httpclient/client.go:74.2,74.37 1 1
github.com/KOMKZ/go-yogan-framework/httpclient/client.go:74.37,75.43 1 1
github.com/KOMKZ/go-yogan-framework/httpclient/client.go:75.43,77.4 1 1
github.com/KOMKZ/go-yogan-framework/httpclient/client.go:81.2,86.58 5 1
github.com/KOMKZ/go-yogan-framework/httpclient/client.go:86.58,88.36 1 1
github.com/KOMKZ/go-yogan-framework/httpclient/client.go:88.36,90.18 2 1
github.com/KOMKZ/go-yogan-framework/httpclient/client.go:90.18,92.5 1 0
github.com/KOMKZ/go-yogan-framework/httpclient/client.go:95.4,95.54 1 1
github.com/KOMKZ/go-yogan-framework/httpclient/client.go:95.54,97.5 1 1
github.com/KOMKZ/go-yogan-framework/httpclient/client.go:99.4,99.14 1 1
github.com/KOMKZ/go-yogan-framework/httpclient/client.go:103.3,103.50 1 1
github.com/KOMKZ/go-yogan-framework/httpclient/client.go:103.50,105.4 1 1
github.com/KOMKZ/go-yogan-framework/httpclient/client.go:106.8,109.3 1 1
github.com/KOMKZ/go-yogan-framework/httpclient/client.go:111.2,111.16 1 1
github.com/KOMKZ/go-yogan-framework/httpclient/client.go:111.16,113.3 1 1
github.com/KOMKZ/go-yogan-framework/httpclient/client.go:116.2,120.35 3 1
github.com/KOMKZ/go-yogan-framework/httpclient/client.go:120.35,121.54 1 1
github.com/KOMKZ/go-yogan-framework/httpclient/client.go:121.54,123.4 1 1
github.com/KOMKZ/go-yogan-framework/httpclient/client.go:126.2,126.18 1 1
github.com/KOMKZ/go-yogan-framework/httpclient/client.go:130.95,133.16 2 1
github.com/KOMKZ/go-yogan-framework/httpclient/client.go:133.16,135.3 1 1
github.com/KOMKZ/go-yogan-framework/httpclient/client.go:138.2,138.21 1 1
github.com/KOMKZ/go-yogan-framework/httpclient/client.go:138.21,142.3 3 1
github.com/KOMKZ/go-yogan-framework/httpclient/client.go:143.2,146.30 2 1
github.com/KOMKZ/go-yogan-framework/httpclient/client.go:146.30,147.52 1 1
github.com/KOMKZ/go-yogan-framework/httpclient/client.go:147.52,149.4 1 1
github.com/KOMKZ/go-yogan-framework/httpclient/client.go:153.2,154.16 2 1
github.com/KOMKZ/go-yogan-framework/httpclient/client.go:154.16,156.3 1 1
github.com/KOMKZ/go-yogan-framework/httpclient/client.go:159.2,160.16 2 1
github.com/KOMKZ/go-yogan-framework/httpclient/client.go:160.16,162.3 1 0
github.com/KOMKZ/go-yogan-framework/httpclient/client.go:164.2,164.18 1 1
github.com/KOMKZ/go-yogan-framework/httpclient/client.go:168.90,171.2 2 1
github.com/KOMKZ/go-yogan-framework/httpclient/client.go:174.91,182.24 4 1
github.com/KOMKZ/go-yogan-framework/httpclient/client.go:182.24,184.3 1 1
github.com/KOMKZ/go-yogan-framework/httpclient/client.go:186.2,186.32 1 1
github.com/KOMKZ/go-yogan-framework/httpclient/client.go:190.90,198.24 4 1
github.com/KOMKZ/go-yogan-framework/httpclient/client.go:198.24,200.3 1 1
github.com/KOMKZ/go-yogan-framework/httpclient/client.go:202.2,202.32 1 1
github.com/KOMKZ/go-yogan-framework/httpclient/client.go:206.93,209.2 2 1
github.com/KOMKZ/go-yogan-framework/httpclient/client.go:216.103,218.16 2 1
github.com/KOMKZ/go-yogan-framework/httpclient/client.go:218.16,220.3 1 0
github.com/KOMKZ/go-yogan-framework/httpclient/client.go:221.2,223.23 2 1
github.com/KOMKZ/go-yogan-framework/httpclient/client.go:223.23,225.3 1 1
github.com/KOMKZ/go-yogan-framework/httpclient/client.go:227.2,228.59 2 1
github.com/KOMKZ/go-yogan-framework/httpclient/client.go:228.59,230.3 1 1
github.com/KOMKZ/go-yogan-framework/httpclient/client.go:232.2,232.21 1 1
github.com/KOMKZ/go-yogan-framework/httpclient/client.go:236.94,239.2 2 1
github.com/KOMKZ/go-yogan-framework/httpclient/client.go:242.113,246.17 2 1
github.com/KOMKZ/go-yogan-framework/httpclient/client.go:246.17,248.17 2 1
github.com/KOMKZ/go-yogan-framework/httpclient/client.go:248.17,250.4 1 1
github.com/KOMKZ/go-yogan-framework/httpclient/client.go:251.3,252.53 2 1
github.com/KOMKZ/go-yogan-framework/httpclient/client.go:255.2,255.49 1 1
github.com/KOMKZ/go-yogan-framework/httpclient/client.go:259.112,263.17 2 1
github.com/KOMKZ/go-yogan-framework/httpclient/client.go:263.17,265.17 2 1
github.com/KOMKZ/go-yogan-framework/httpclient/client.go:265.17,267.4 1 1
github.com/KOMKZ/go-yogan-framework/httpclient/client.go:268.3,269.53 2 1
github.com/KOMKZ/go-yogan-framework/httpclient/client.go:272.2,272.49 1 1
github.com/KOMKZ/go-yogan-framework/httpclient/options.go:43.41,44.25 1 1
github.com/KOMKZ/go-yogan-framework/httpclient/options.go:44.25,46.3 1 1
github.com/KOMKZ/go-yogan-framework/httpclient/options.go:50.49,51.25 1 1
github.com/KOMKZ/go-yogan-framework/httpclient/options.go:51.25,53.3 1 1
github.com/KOMKZ/go-yogan-framework/httpclient/options.go:57.43,58.25 1 1
github.com/KOMKZ/go-yogan-framework/httpclient/options.go:58.25,59.23 1 1
github.com/KOMKZ/go-yogan-framework/httpclient/options.go:59.23,61.4 1 1
github.com/KOMKZ/go-yogan-framework/httpclient/options.go:62.3,62.25 1 1
github.com/KOMKZ/go-yogan-framework/httpclient/options.go:67.52,68.25 1 1
github.com/KOMKZ/go-yogan-framework/httpclient/options.go:68.25,69.23 1 1
github.com/KOMKZ/go-yogan-framework/httpclient/options.go:69.23,71.4 1 1
github.com/KOMKZ/go-yogan-framework/httpclient/options.go:72.3,72.29 1 1
github.com/KOMKZ/go-yogan-framework/httpclient/options.go:72.29,74.4 1 1
github.com/KOMKZ/go-yogan-framework/httpclient/options.go:79.54,80.25 1 1
github.com/KOMKZ/go-yogan-framework/httpclient/options.go:80.25,82.3 1 1
github.com/KOMKZ/go-yogan-framework/httpclient/options.go:86.38,87.25 1 1
github.com/KOMKZ/go-yogan-framework/httpclient/options.go:87.25,88.25 1 1
github.com/KOMKZ/go-yogan-framework/httpclient/options.go:88.25,90.4 1 1
github.com/KOMKZ/go-yogan-framework/httpclient/options.go:91.3,91.41 1 1
github.com/KOMKZ/go-yogan-framework/httpclient/options.go:91.41,93.4 1 1
github.com/KOMKZ/go-yogan-framework/httpclient/options.go:94.3,94.56 1 1
github.com/KOMKZ/go-yogan-framework/httpclient/options.go:99.47,100.25 1 1
github.com/KOMKZ/go-yogan-framework/httpclient/options.go:100.25,102.3 1 1
github.com/KOMKZ/go-yogan-framework/httpclient/options.go:110.46,111.25 1 1
github.com/KOMKZ/go-yogan-framework/httpclient/options.go:111.25,113.3 1 1
github.com/KOMKZ/go-yogan-framework/httpclient/options.go:117.42,118.25 1 1
github.com/KOMKZ/go-yogan-framework/httpclient/options.go:118.25,119.23 1 1
github.com/KOMKZ/go-yogan-framework/httpclient/options.go:119.23,121.4 1 1
github.com/KOMKZ/go-yogan-framework/httpclient/options.go:122.3,122.28 1 1
github.com/KOMKZ/go-yogan-framework/httpclient/options.go:127.45,128.25 1 1
github.com/KOMKZ/go-yogan-framework/httpclient/options.go:128.25,129.23 1 1
github.com/KOMKZ/go-yogan-framework/httpclient/options.go:129.23,131.4 1 0
github.com/KOMKZ/go-yogan-framework/httpclient/options.go:132.3,132.30 1 1
github.com/KOMKZ/go-yogan-framework/httpclient/options.go:132.30,133.25 1 1
github.com/KOMKZ/go-yogan-framework/httpclient/options.go:133.25,135.5 1 1
github.com/KOMKZ/go-yogan-framework/httpclient/options.go:141.40,142.25 1 1
github.com/KOMKZ/go-yogan-framework/httpclient/options.go:142.26,145.3 0 1
github.com/KOMKZ/go-yogan-framework/httpclient/options.go:149.46,150.25 1 1
github.com/KOMKZ/go-yogan-framework/httpclient/options.go:150.26,152.3 0 1
github.com/KOMKZ/go-yogan-framework/httpclient/options.go:156.40,157.25 1 1
github.com/KOMKZ/go-yogan-framework/httpclient/options.go:157.25,159.3 1 1
github.com/KOMKZ/go-yogan-framework/httpclient/options.go:163.38,164.25 1 1
github.com/KOMKZ/go-yogan-framework/httpclient/options.go:164.26,166.3 0 1
github.com/KOMKZ/go-yogan-framework/httpclient/options.go:174.45,175.25 1 1
github.com/KOMKZ/go-yogan-framework/httpclient/options.go:175.25,178.3 2 1
github.com/KOMKZ/go-yogan-framework/httpclient/options.go:182.33,183.25 1 1
github.com/KOMKZ/go-yogan-framework/httpclient/options.go:183.25,186.3 2 1
github.com/KOMKZ/go-yogan-framework/httpclient/options.go:190.28,191.25 1 1
github.com/KOMKZ/go-yogan-framework/httpclient/options.go:191.25,194.3 2 1
github.com/KOMKZ/go-yogan-framework/httpclient/options.go:202.61,203.25 1 1
github.com/KOMKZ/go-yogan-framework/httpclient/options.go:203.25,205.3 1 1
github.com/KOMKZ/go-yogan-framework/httpclient/options.go:209.57,210.25 1 1
github.com/KOMKZ/go-yogan-framework/httpclient/options.go:210.25,212.3 1 1
github.com/KOMKZ/go-yogan-framework/httpclient/options.go:220.26,227.2 1 1
github.com/KOMKZ/go-yogan-framework/httpclient/options.go:230.47,231.27 1 1
github.com/KOMKZ/go-yogan-framework/httpclient/options.go:231.27,232.17 1 1
github.com/KOMKZ/go-yogan-framework/httpclient/options.go:232.17,234.4 1 1
github.com/KOMKZ/go-yogan-framework/httpclient/options.go:239.47,254.30 2 1
github.com/KOMKZ/go-yogan-framework/httpclient/options.go:254.30,256.3 1 1
github.com/KOMKZ/go-yogan-framework/httpclient/options.go:257.2,257.34 1 1
github.com/KOMKZ/go-yogan-framework/httpclient/options.go:257.34,259.3 1 1
github.com/KOMKZ/go-yogan-framework/httpclient/options.go:262.2,262.31 1 1
github.com/KOMKZ/go-yogan-framework/httpclient/options.go:262.31,263.24 1 0
github.com/KOMKZ/go-yogan-framework/httpclient/options.go:263.24,265.4 1 0
github.com/KOMKZ/go-yogan-framework/httpclient/options.go:267.2,267.35 1 1
github.com/KOMKZ/go-yogan-framework/httpclient/options.go:267.35,268.24 1 1
github.com/KOMKZ/go-yogan-framework/httpclient/options.go:268.24,270.4 1 1
github.com/KOMKZ/go-yogan-framework/httpclient/options.go:274.2,274.22 1 1
github.com/KOMKZ/go-yogan-framework/httpclient/options.go:274.22,276.3 1 0
github.com/KOMKZ/go-yogan-framework/httpclient/options.go:277.2,277.23 1 1
github.com/KOMKZ/go-yogan-framework/httpclient/options.go:277.23,279.3 1 1
github.com/KOMKZ/go-yogan-framework/httpclient/options.go:280.2,280.23 1 1
github.com/KOMKZ/go-yogan-framework/httpclient/options.go:280.23,282.3 1 1
github.com/KOMKZ/go-yogan-framework/httpclient/options.go:285.2,285.70 1 1
github.com/KOMKZ/go-yogan-framework/httpclient/options.go:285.70,288.3 2 1
github.com/KOMKZ/go-yogan-framework/httpclient/options.go:291.2,291.32 1 1
github.com/KOMKZ/go-yogan-framework/httpclient/options.go:291.32,293.3 1 1
github.com/KOMKZ/go-yogan-framework/httpclient/options.go:294.2,294.32 1 1
github.com/KOMKZ/go-yogan-framework/httpclient/options.go:294.32,296.3 1 1
github.com/KOMKZ/go-yogan-framework/httpclient/options.go:298.2,298.15 1 1
github.com/KOMKZ/go-yogan-framework/httpclient/request.go:25.49,32.2 1 1
github.com/KOMKZ/go-yogan-framework/httpclient/request.go:35.44,37.2 1 1
github.com/KOMKZ/go-yogan-framework/httpclient/request.go:40.45,42.2 1 1
github.com/KOMKZ/go-yogan-framework/httpclient/request.go:45.44,47.2 1 1
github.com/KOMKZ/go-yogan-framework/httpclient/request.go:50.47,52.2 1 1
github.com/KOMKZ/go-yogan-framework/httpclient/request.go:55.58,58.2 2 1
github.com/KOMKZ/go-yogan-framework/httpclient/request.go:61.57,64.2 2 1
github.com/KOMKZ/go-yogan-framework/httpclient/request.go:67.53,70.17 2 1
github.com/KOMKZ/go-yogan-framework/httpclient/request.go:70.17,71.48 1 1
github.com/KOMKZ/go-yogan-framework/httpclient/request.go:71.48,74.4 2 1
github.com/KOMKZ/go-yogan-framework/httpclient/request.go:76.2,76.10 1 1
github.com/KOMKZ/go-yogan-framework/httpclient/request.go:80.55,81.17 1 1
github.com/KOMKZ/go-yogan-framework/httpclient/request.go:81.17,83.3 1 1
github.com/KOMKZ/go-yogan-framework/httpclient/request.go:85.2,86.16 2 1
github.com/KOMKZ/go-yogan-framework/httpclient/request.go:86.16,88.3 1 0
github.com/KOMKZ/go-yogan-framework/httpclient/request.go:90.2,94.10 4 1
github.com/KOMKZ/go-yogan-framework/httpclient/request.go:98.61,99.17 1 1
github.com/KOMKZ/go-yogan-framework/httpclient/request.go:99.17,101.3 1 1
github.com/KOMKZ/go-yogan-framework/httpclient/request.go:103.2,104.25 2 1
github.com/KOMKZ/go-yogan-framework/httpclient/request.go:104.25,106.3 1 1
github.com/KOMKZ/go-yogan-framework/httpclient/request.go:108.2,113.10 5 1
github.com/KOMKZ/go-yogan-framework/httpclient/request.go:117.61,120.22 2 1
github.com/KOMKZ/go-yogan-framework/httpclient/request.go:120.22,121.37 1 1
github.com/KOMKZ/go-yogan-framework/httpclient/request.go:121.37,123.4 1 1
github.com/KOMKZ/go-yogan-framework/httpclient/request.go:123.9,125.4 1 1
github.com/KOMKZ/go-yogan-framework/httpclient/request.go:129.2,130.26 2 1
github.com/KOMKZ/go-yogan-framework/httpclient/request.go:130.26,132.3 1 1
github.com/KOMKZ/go-yogan-framework/httpclient/request.go:132.8,132.26 1 1
github.com/KOMKZ/go-yogan-framework/httpclient/request.go:132.26,134.3 1 0
github.com/KOMKZ/go-yogan-framework/httpclient/request.go:137.2,138.16 2 1
github.com/KOMKZ/go-yogan-framework/httpclient/request.go:138.16,140.3 1 1
github.com/KOMKZ/go-yogan-framework/httpclient/request.go:143.2,143.30 1 1
github.com/KOMKZ/go-yogan-framework/httpclient/request.go:143.30,145.3 1 1
github.com/KOMKZ/go-yogan-framework/httpclient/request.go:147.2,147.17 1 1
github.com/KOMKZ/go-yogan-framework/httpclient/request.go:151.36,161.30 2 1
github.com/KOMKZ/go-yogan-framework/httpclient/request.go:161.30,163.3 1 1
github.com/KOMKZ/go-yogan-framework/httpclient/request.go:166.2,166.29 1 1
github.com/KOMKZ/go-yogan-framework/httpclient/request.go:166.29,167.24 1 1
github.com/KOMKZ/go-yogan-framework/httpclient/request.go:167.24,169.4 1 1
github.com/KOMKZ/go-yogan-framework/httpclient/request.go:173.2,173.26 1 1
github.com/KOMKZ/go-yogan-framework/httpclient/request.go:173.26,175.3 1 1
github.com/KOMKZ/go-yogan-framework/httpclient/request.go:177.2,177.14 1 1
github.com/KOMKZ/go-yogan-framework/httpclient/response.go:24.37,26.2 1 1
github.com/KOMKZ/go-yogan-framework/httpclient/response.go:29.41,31.2 1 1
github.com/KOMKZ/go-yogan-framework/httpclient/response.go:34.41,36.2 1 1
github.com/KOMKZ/go-yogan-framework/httpclient/response.go:39.46,40.14 1 1
github.com/KOMKZ/go-yogan-framework/httpclient/response.go:40.14,42.3 1 1
github.com/KOMKZ/go-yogan-framework/httpclient/response.go:43.2,43.34 1 1
github.com/KOMKZ/go-yogan-framework/httpclient/response.go:47.36,49.2 1 1
github.com/KOMKZ/go-yogan-framework/httpclient/response.go:52.35,54.2 1 1
github.com/KOMKZ/go-yogan-framework/httpclient/response.go:57.34,58.55 1 1
github.com/KOMKZ/go-yogan-framework/httpclient/response.go:58.55,60.3 1 1
github.com/KOMKZ/go-yogan-framework/httpclient/response.go:61.2,61.12 1 1
github.com/KOMKZ/go-yogan-framework/httpclient/response.go:65.100,66.21 1 1
github.com/KOMKZ/go-yogan-framework/httpclient/response.go:66.21,68.3 1 1
github.com/KOMKZ/go-yogan-framework/httpclient/response.go:71.2,72.16 2 1
github.com/KOMKZ/go-yogan-framework/httpclient/response.go:72.16,74.3 1 1
github.com/KOMKZ/go-yogan-framework/httpclient/response.go:76.2,86.18 2 1
