mode: set
github.com/KOMKZ/go-yogan-framework/event/component.go:19.29,24.2 1 1
github.com/KOMKZ/go-yogan-framework/event/component.go:35.32,37.2 1 1
github.com/KOMKZ/go-yogan-framework/event/component.go:40.35,42.2 1 1
github.com/KOMKZ/go-yogan-framework/event/component.go:45.42,50.2 1 1
github.com/KOMKZ/go-yogan-framework/event/component.go:53.55,55.2 1 1
github.com/KOMKZ/go-yogan-framework/event/component.go:58.84,64.61 4 1
github.com/KOMKZ/go-yogan-framework/event/component.go:64.61,66.3 1 1
github.com/KOMKZ/go-yogan-framework/event/component.go:68.2,68.23 1 1
github.com/KOMKZ/go-yogan-framework/event/component.go:68.23,71.3 2 1
github.com/KOMKZ/go-yogan-framework/event/component.go:74.2,77.12 3 1
github.com/KOMKZ/go-yogan-framework/event/component.go:81.54,83.2 1 1
github.com/KOMKZ/go-yogan-framework/event/component.go:86.53,87.25 1 1
github.com/KOMKZ/go-yogan-framework/event/component.go:87.25,90.3 2 1
github.com/KOMKZ/go-yogan-framework/event/component.go:91.2,91.12 1 1
github.com/KOMKZ/go-yogan-framework/event/component.go:95.48,97.2 1 1
github.com/KOMKZ/go-yogan-framework/event/component.go:100.38,102.2 1 1
github.com/KOMKZ/go-yogan-framework/event/dispatcher.go:51.58,58.27 2 1
github.com/KOMKZ/go-yogan-framework/event/dispatcher.go:58.27,60.3 1 1
github.com/KOMKZ/go-yogan-framework/event/dispatcher.go:63.2,65.16 3 1
github.com/KOMKZ/go-yogan-framework/event/dispatcher.go:65.16,68.3 2 0
github.com/KOMKZ/go-yogan-framework/event/dispatcher.go:70.2,70.10 1 1
github.com/KOMKZ/go-yogan-framework/event/dispatcher.go:74.110,75.40 1 1
github.com/KOMKZ/go-yogan-framework/event/dispatcher.go:75.40,76.17 1 1
github.com/KOMKZ/go-yogan-framework/event/dispatcher.go:76.18,76.19 0 0
github.com/KOMKZ/go-yogan-framework/event/dispatcher.go:79.2,84.27 2 1
github.com/KOMKZ/go-yogan-framework/event/dispatcher.go:84.27,86.3 1 1
github.com/KOMKZ/go-yogan-framework/event/dispatcher.go:88.2,91.63 3 1
github.com/KOMKZ/go-yogan-framework/event/dispatcher.go:91.63,93.3 1 1
github.com/KOMKZ/go-yogan-framework/event/dispatcher.go:94.2,97.16 2 1
github.com/KOMKZ/go-yogan-framework/event/dispatcher.go:97.16,99.3 1 1
github.com/KOMKZ/go-yogan-framework/event/dispatcher.go:103.63,108.28 4 1
github.com/KOMKZ/go-yogan-framework/event/dispatcher.go:108.28,109.17 1 1
github.com/KOMKZ/go-yogan-framework/event/dispatcher.go:109.17,112.4 2 1
github.com/KOMKZ/go-yogan-framework/event/dispatcher.go:117.51,121.2 3 1
github.com/KOMKZ/go-yogan-framework/event/dispatcher.go:124.71,125.18 1 1
github.com/KOMKZ/go-yogan-framework/event/dispatcher.go:125.18,127.3 1 1
github.com/KOMKZ/go-yogan-framework/event/dispatcher.go:130.2,146.40 10 1
github.com/KOMKZ/go-yogan-framework/event/dispatcher.go:146.40,148.3 1 1
github.com/KOMKZ/go-yogan-framework/event/dispatcher.go:150.2,150.12 1 1
github.com/KOMKZ/go-yogan-framework/event/dispatcher.go:154.70,155.54 1 1
github.com/KOMKZ/go-yogan-framework/event/dispatcher.go:155.54,157.3 1 1
github.com/KOMKZ/go-yogan-framework/event/dispatcher.go:160.2,161.54 2 1
github.com/KOMKZ/go-yogan-framework/event/dispatcher.go:161.54,163.3 1 1
github.com/KOMKZ/go-yogan-framework/event/dispatcher.go:165.2,167.30 2 1
github.com/KOMKZ/go-yogan-framework/event/dispatcher.go:167.30,168.53 1 1
github.com/KOMKZ/go-yogan-framework/event/dispatcher.go:168.53,172.4 1 1
github.com/KOMKZ/go-yogan-framework/event/dispatcher.go:175.2,175.16 1 1
github.com/KOMKZ/go-yogan-framework/event/dispatcher.go:175.16,179.3 1 0
github.com/KOMKZ/go-yogan-framework/event/dispatcher.go:183.119,185.58 1 1
github.com/KOMKZ/go-yogan-framework/event/dispatcher.go:185.58,187.3 1 1
github.com/KOMKZ/go-yogan-framework/event/dispatcher.go:190.2,190.46 1 1
github.com/KOMKZ/go-yogan-framework/event/dispatcher.go:190.46,193.58 3 1
github.com/KOMKZ/go-yogan-framework/event/dispatcher.go:193.58,195.4 1 1
github.com/KOMKZ/go-yogan-framework/event/dispatcher.go:198.2,198.16 1 1
github.com/KOMKZ/go-yogan-framework/event/dispatcher.go:202.104,203.32 1 1
github.com/KOMKZ/go-yogan-framework/event/dispatcher.go:203.32,204.18 1 1
github.com/KOMKZ/go-yogan-framework/event/dispatcher.go:204.18,208.29 3 1
github.com/KOMKZ/go-yogan-framework/event/dispatcher.go:208.29,209.94 1 1
github.com/KOMKZ/go-yogan-framework/event/dispatcher.go:209.94,213.6 1 0
github.com/KOMKZ/go-yogan-framework/event/dispatcher.go:215.4,215.12 1 1
github.com/KOMKZ/go-yogan-framework/event/dispatcher.go:219.3,219.59 1 1
github.com/KOMKZ/go-yogan-framework/event/dispatcher.go:219.59,221.4 1 1
github.com/KOMKZ/go-yogan-framework/event/dispatcher.go:224.2,224.12 1 1
github.com/KOMKZ/go-yogan-framework/event/dispatcher.go:228.87,230.29 2 1
github.com/KOMKZ/go-yogan-framework/event/dispatcher.go:230.29,231.13 1 1
github.com/KOMKZ/go-yogan-framework/event/dispatcher.go:231.13,233.4 1 1
github.com/KOMKZ/go-yogan-framework/event/dispatcher.go:236.2,236.23 1 1
github.com/KOMKZ/go-yogan-framework/event/dispatcher.go:236.23,238.3 1 1
github.com/KOMKZ/go-yogan-framework/event/dispatcher.go:240.2,245.28 5 1
github.com/KOMKZ/go-yogan-framework/event/dispatcher.go:245.28,247.30 2 1
github.com/KOMKZ/go-yogan-framework/event/dispatcher.go:247.30,248.18 1 1
github.com/KOMKZ/go-yogan-framework/event/dispatcher.go:248.18,250.10 2 1
github.com/KOMKZ/go-yogan-framework/event/dispatcher.go:253.3,253.14 1 1
github.com/KOMKZ/go-yogan-framework/event/dispatcher.go:253.14,255.4 1 0
github.com/KOMKZ/go-yogan-framework/event/dispatcher.go:257.2,257.35 1 1
github.com/KOMKZ/go-yogan-framework/event/dispatcher.go:261.30,263.19 2 1
github.com/KOMKZ/go-yogan-framework/event/dispatcher.go:263.19,265.3 1 1
github.com/KOMKZ/go-yogan-framework/event/dispatcher.go:269.58,273.2 3 1
github.com/KOMKZ/go-yogan-framework/event/event.go:18.38,23.2 1 1
github.com/KOMKZ/go-yogan-framework/event/event.go:26.34,28.2 1 1
github.com/KOMKZ/go-yogan-framework/event/event.go:31.43,33.2 1 1
github.com/KOMKZ/go-yogan-framework/event/listener.go:17.70,19.2 1 1
github.com/KOMKZ/go-yogan-framework/event/options.go:18.49,19.32 1 1
github.com/KOMKZ/go-yogan-framework/event/options.go:19.32,21.3 1 1
github.com/KOMKZ/go-yogan-framework/event/options.go:27.34,28.32 1 1
github.com/KOMKZ/go-yogan-framework/event/options.go:28.32,30.3 1 1
github.com/KOMKZ/go-yogan-framework/event/options.go:34.33,35.32 1 1
github.com/KOMKZ/go-yogan-framework/event/options.go:35.32,37.3 1 1
github.com/KOMKZ/go-yogan-framework/event/options.go:44.46,45.29 1 1
github.com/KOMKZ/go-yogan-framework/event/options.go:45.29,47.3 1 1
