mode: set
github.com/KOMKZ/go-yogan/breaker/breaker.go:87.32,88.11 1 1
github.com/KOMKZ/go-yogan/breaker/breaker.go:89.19,90.18 1 1
github.com/KOMKZ/go-yogan/breaker/breaker.go:91.17,92.16 1 1
github.com/KOMKZ/go-yogan/breaker/breaker.go:93.21,94.20 1 1
github.com/KOMKZ/go-yogan/breaker/breaker.go:95.10,96.19 1 1
github.com/KOMKZ/go-yogan/breaker/breaker.go:101.30,103.2 1 1
github.com/KOMKZ/go-yogan/breaker/breaker.go:106.32,108.2 1 1
github.com/KOMKZ/go-yogan/breaker/breaker.go:111.34,113.2 1 1
github.com/KOMKZ/go-yogan/breaker/breaker_impl.go:31.99,44.2 4 1
github.com/KOMKZ/go-yogan/breaker/breaker_impl.go:47.91,49.40 1 1
github.com/KOMKZ/go-yogan/breaker/breaker_impl.go:49.40,53.25 2 1
github.com/KOMKZ/go-yogan/breaker/breaker_impl.go:53.25,58.4 1 1
github.com/KOMKZ/go-yogan/breaker/breaker_impl.go:61.3,61.26 1 1
github.com/KOMKZ/go-yogan/breaker/breaker_impl.go:61.26,63.4 1 0
github.com/KOMKZ/go-yogan/breaker/breaker_impl.go:65.3,65.29 1 1
github.com/KOMKZ/go-yogan/breaker/breaker_impl.go:69.2,74.16 4 1
github.com/KOMKZ/go-yogan/breaker/breaker_impl.go:74.16,78.26 2 1
github.com/KOMKZ/go-yogan/breaker/breaker_impl.go:78.26,80.4 1 1
github.com/KOMKZ/go-yogan/breaker/breaker_impl.go:82.3,82.18 1 1
github.com/KOMKZ/go-yogan/breaker/breaker_impl.go:85.2,86.20 2 1
github.com/KOMKZ/go-yogan/breaker/breaker_impl.go:90.86,95.24 2 1
github.com/KOMKZ/go-yogan/breaker/breaker_impl.go:95.24,101.3 1 1
github.com/KOMKZ/go-yogan/breaker/breaker_impl.go:104.2,105.13 2 1
github.com/KOMKZ/go-yogan/breaker/breaker_impl.go:105.13,107.3 1 0
github.com/KOMKZ/go-yogan/breaker/breaker_impl.go:110.2,110.61 1 1
github.com/KOMKZ/go-yogan/breaker/breaker_impl.go:110.61,112.3 1 0
github.com/KOMKZ/go-yogan/breaker/breaker_impl.go:116.97,121.15 2 1
github.com/KOMKZ/go-yogan/breaker/breaker_impl.go:121.15,125.25 2 1
github.com/KOMKZ/go-yogan/breaker/breaker_impl.go:125.25,132.4 1 1
github.com/KOMKZ/go-yogan/breaker/breaker_impl.go:133.8,137.25 2 1
github.com/KOMKZ/go-yogan/breaker/breaker_impl.go:137.25,144.4 1 1
github.com/KOMKZ/go-yogan/breaker/breaker_impl.go:148.2,149.13 2 1
github.com/KOMKZ/go-yogan/breaker/breaker_impl.go:149.13,152.3 2 0
github.com/KOMKZ/go-yogan/breaker/breaker_impl.go:155.2,155.61 1 1
github.com/KOMKZ/go-yogan/breaker/breaker_impl.go:155.61,157.3 1 0
github.com/KOMKZ/go-yogan/breaker/breaker_impl.go:160.2,164.13 4 1
github.com/KOMKZ/go-yogan/breaker/breaker_impl.go:164.13,166.3 1 1
github.com/KOMKZ/go-yogan/breaker/breaker_impl.go:170.118,176.24 4 1
github.com/KOMKZ/go-yogan/breaker/breaker_impl.go:176.24,178.17 2 1
github.com/KOMKZ/go-yogan/breaker/breaker_impl.go:178.17,180.4 1 0
github.com/KOMKZ/go-yogan/breaker/breaker_impl.go:182.3,187.5 1 1
github.com/KOMKZ/go-yogan/breaker/breaker_impl.go:190.2,190.20 1 1
github.com/KOMKZ/go-yogan/breaker/breaker_impl.go:194.114,195.24 1 1
github.com/KOMKZ/go-yogan/breaker/breaker_impl.go:195.24,204.3 2 1
github.com/KOMKZ/go-yogan/breaker/breaker_impl.go:208.44,210.2 1 1
github.com/KOMKZ/go-yogan/breaker/breaker_impl.go:213.57,215.2 1 1
github.com/KOMKZ/go-yogan/breaker/breaker_impl.go:218.35,223.13 4 1
github.com/KOMKZ/go-yogan/breaker/breaker_impl.go:223.13,225.3 1 1
github.com/KOMKZ/go-yogan/breaker/breaker_impl.go:227.2,227.20 1 1
github.com/KOMKZ/go-yogan/breaker/breaker_impl.go:231.41,234.2 1 0
github.com/KOMKZ/go-yogan/breaker/breaker_impl.go:245.50,247.42 1 1
github.com/KOMKZ/go-yogan/breaker/breaker_impl.go:247.42,249.3 1 1
github.com/KOMKZ/go-yogan/breaker/breaker_impl.go:252.2,252.21 1 1
github.com/KOMKZ/go-yogan/breaker/breaker_impl.go:252.21,257.3 1 1
github.com/KOMKZ/go-yogan/breaker/breaker_impl.go:260.2,266.8 2 1
github.com/KOMKZ/go-yogan/breaker/breaker_impl.go:270.83,272.23 1 1
github.com/KOMKZ/go-yogan/breaker/breaker_impl.go:272.23,274.3 1 1
github.com/KOMKZ/go-yogan/breaker/breaker_impl.go:277.2,280.34 2 1
github.com/KOMKZ/go-yogan/breaker/breaker_impl.go:284.63,288.2 3 1
github.com/KOMKZ/go-yogan/breaker/breaker_impl.go:291.51,294.2 2 1
github.com/KOMKZ/go-yogan/breaker/breaker_impl.go:297.64,300.2 2 1
github.com/KOMKZ/go-yogan/breaker/breaker_impl.go:303.42,305.2 1 1
github.com/KOMKZ/go-yogan/breaker/breaker_impl.go:308.90,311.2 2 0
github.com/KOMKZ/go-yogan/breaker/breaker_impl.go:314.27,315.23 1 1
github.com/KOMKZ/go-yogan/breaker/breaker_impl.go:315.23,317.3 1 1
github.com/KOMKZ/go-yogan/breaker/breaker_impl.go:321.71,324.53 2 1
github.com/KOMKZ/go-yogan/breaker/breaker_impl.go:324.53,327.3 2 1
github.com/KOMKZ/go-yogan/breaker/breaker_impl.go:328.2,335.53 4 1
github.com/KOMKZ/go-yogan/breaker/breaker_impl.go:335.53,337.3 1 0
github.com/KOMKZ/go-yogan/breaker/breaker_impl.go:340.2,346.16 4 1
github.com/KOMKZ/go-yogan/breaker/config.go:56.29,63.2 1 1
github.com/KOMKZ/go-yogan/breaker/config.go:66.45,79.2 1 1
github.com/KOMKZ/go-yogan/breaker/config.go:82.35,83.16 1 1
github.com/KOMKZ/go-yogan/breaker/config.go:83.16,85.3 1 1
github.com/KOMKZ/go-yogan/breaker/config.go:87.2,87.27 1 1
github.com/KOMKZ/go-yogan/breaker/config.go:87.27,89.3 1 1
github.com/KOMKZ/go-yogan/breaker/config.go:92.2,92.45 1 1
github.com/KOMKZ/go-yogan/breaker/config.go:92.45,94.3 1 1
github.com/KOMKZ/go-yogan/breaker/config.go:97.2,97.37 1 1
github.com/KOMKZ/go-yogan/breaker/config.go:97.37,98.40 1 1
github.com/KOMKZ/go-yogan/breaker/config.go:98.40,103.4 1 1
github.com/KOMKZ/go-yogan/breaker/config.go:106.2,106.12 1 1
github.com/KOMKZ/go-yogan/breaker/config.go:110.44,111.24 1 1
github.com/KOMKZ/go-yogan/breaker/config.go:111.24,113.3 1 1
github.com/KOMKZ/go-yogan/breaker/config.go:115.2,115.60 1 1
github.com/KOMKZ/go-yogan/breaker/config.go:115.60,117.3 1 1
github.com/KOMKZ/go-yogan/breaker/config.go:119.2,119.58 1 1
github.com/KOMKZ/go-yogan/breaker/config.go:119.58,121.3 1 1
github.com/KOMKZ/go-yogan/breaker/config.go:123.2,123.32 1 1
github.com/KOMKZ/go-yogan/breaker/config.go:123.32,125.3 1 1
github.com/KOMKZ/go-yogan/breaker/config.go:127.2,127.21 1 1
github.com/KOMKZ/go-yogan/breaker/config.go:127.21,129.3 1 1
github.com/KOMKZ/go-yogan/breaker/config.go:131.2,131.30 1 1
github.com/KOMKZ/go-yogan/breaker/config.go:131.30,133.3 1 1
github.com/KOMKZ/go-yogan/breaker/config.go:135.2,135.24 1 1
github.com/KOMKZ/go-yogan/breaker/config.go:135.24,137.3 1 1
github.com/KOMKZ/go-yogan/breaker/config.go:139.2,139.24 1 1
github.com/KOMKZ/go-yogan/breaker/config.go:139.24,141.3 1 1
github.com/KOMKZ/go-yogan/breaker/config.go:143.2,143.35 1 1
github.com/KOMKZ/go-yogan/breaker/config.go:143.35,145.3 1 1
github.com/KOMKZ/go-yogan/breaker/config.go:147.2,147.12 1 1
github.com/KOMKZ/go-yogan/breaker/config.go:151.68,152.42 1 1
github.com/KOMKZ/go-yogan/breaker/config.go:152.42,154.3 1 1
github.com/KOMKZ/go-yogan/breaker/config.go:155.2,155.18 1 1
github.com/KOMKZ/go-yogan/breaker/config.go:166.42,167.22 1 1
github.com/KOMKZ/go-yogan/breaker/config.go:167.22,168.19 1 1
github.com/KOMKZ/go-yogan/breaker/config.go:168.19,170.4 1 1
github.com/KOMKZ/go-yogan/breaker/config.go:171.3,171.108 1 1
github.com/KOMKZ/go-yogan/breaker/config.go:174.2,174.19 1 1
github.com/KOMKZ/go-yogan/breaker/config.go:174.19,176.3 1 1
github.com/KOMKZ/go-yogan/breaker/config.go:178.2,178.18 1 1
github.com/KOMKZ/go-yogan/breaker/config.go:178.18,180.3 1 1
github.com/KOMKZ/go-yogan/breaker/config.go:182.2,182.43 1 1
github.com/KOMKZ/go-yogan/breaker/event.go:74.49,76.2 1 1
github.com/KOMKZ/go-yogan/breaker/event.go:86.47,86.69 1 1
github.com/KOMKZ/go-yogan/breaker/event.go:87.47,87.68 1 1
github.com/KOMKZ/go-yogan/breaker/event.go:88.47,88.69 1 1
github.com/KOMKZ/go-yogan/breaker/event.go:89.47,89.63 1 1
github.com/KOMKZ/go-yogan/breaker/event.go:92.88,99.2 1 1
github.com/KOMKZ/go-yogan/breaker/event_bus.go:29.43,44.2 5 1
github.com/KOMKZ/go-yogan/breaker/event_bus.go:47.92,54.22 5 1
github.com/KOMKZ/go-yogan/breaker/event_bus.go:54.22,55.29 1 1
github.com/KOMKZ/go-yogan/breaker/event_bus.go:55.29,57.4 1 1
github.com/KOMKZ/go-yogan/breaker/event_bus.go:60.2,66.11 2 1
github.com/KOMKZ/go-yogan/breaker/event_bus.go:70.52,75.2 3 1
github.com/KOMKZ/go-yogan/breaker/event_bus.go:78.42,80.39 1 1
github.com/KOMKZ/go-yogan/breaker/event_bus.go:80.39,82.3 1 1
github.com/KOMKZ/go-yogan/breaker/event_bus.go:84.2,84.9 1 1
github.com/KOMKZ/go-yogan/breaker/event_bus.go:85.26,85.26 0 1
github.com/KOMKZ/go-yogan/breaker/event_bus.go:87.23,89.9 1 0
github.com/KOMKZ/go-yogan/breaker/event_bus.go:90.10,90.10 0 1
github.com/KOMKZ/go-yogan/breaker/event_bus.go:96.29,105.2 4 1
github.com/KOMKZ/go-yogan/breaker/event_bus.go:108.32,111.6 2 1
github.com/KOMKZ/go-yogan/breaker/event_bus.go:111.6,112.10 1 1
github.com/KOMKZ/go-yogan/breaker/event_bus.go:113.33,114.11 1 1
github.com/KOMKZ/go-yogan/breaker/event_bus.go:114.11,116.5 1 0
github.com/KOMKZ/go-yogan/breaker/event_bus.go:117.4,117.29 1 1
github.com/KOMKZ/go-yogan/breaker/event_bus.go:119.24,121.8 1 1
github.com/KOMKZ/go-yogan/breaker/event_bus.go:121.8,122.12 1 1
github.com/KOMKZ/go-yogan/breaker/event_bus.go:123.35,124.13 1 1
github.com/KOMKZ/go-yogan/breaker/event_bus.go:124.13,126.7 1 0
github.com/KOMKZ/go-yogan/breaker/event_bus.go:127.6,127.31 1 1
github.com/KOMKZ/go-yogan/breaker/event_bus.go:128.13,129.12 1 1
github.com/KOMKZ/go-yogan/breaker/event_bus.go:137.50,141.35 3 1
github.com/KOMKZ/go-yogan/breaker/event_bus.go:141.35,143.3 1 1
github.com/KOMKZ/go-yogan/breaker/event_bus.go:144.2,148.32 3 1
github.com/KOMKZ/go-yogan/breaker/event_bus.go:148.32,150.54 1 1
github.com/KOMKZ/go-yogan/breaker/event_bus.go:150.54,151.12 1 1
github.com/KOMKZ/go-yogan/breaker/event_bus.go:155.3,155.37 1 1
github.com/KOMKZ/go-yogan/breaker/event_bus.go:155.37,156.17 1 1
github.com/KOMKZ/go-yogan/breaker/event_bus.go:156.17,158.33 1 1
github.com/KOMKZ/go-yogan/breaker/event_bus.go:158.34,160.6 0 1
github.com/KOMKZ/go-yogan/breaker/event_bus.go:162.4,162.16 1 1
github.com/KOMKZ/go-yogan/breaker/metrics_impl.go:42.45,48.2 1 1
github.com/KOMKZ/go-yogan/breaker/metrics_impl.go:51.116,56.35 4 1
github.com/KOMKZ/go-yogan/breaker/metrics_impl.go:56.35,58.3 1 1
github.com/KOMKZ/go-yogan/breaker/metrics_impl.go:60.2,69.3 1 1
github.com/KOMKZ/go-yogan/breaker/metrics_impl.go:73.70,83.2 7 1
github.com/KOMKZ/go-yogan/breaker/metrics_impl.go:86.81,94.16 6 1
github.com/KOMKZ/go-yogan/breaker/metrics_impl.go:94.16,97.3 2 1
github.com/KOMKZ/go-yogan/breaker/metrics_impl.go:98.2,100.21 2 1
github.com/KOMKZ/go-yogan/breaker/metrics_impl.go:104.70,114.2 7 1
github.com/KOMKZ/go-yogan/breaker/metrics_impl.go:117.50,126.2 6 1
github.com/KOMKZ/go-yogan/breaker/metrics_impl.go:129.63,148.35 7 1
github.com/KOMKZ/go-yogan/breaker/metrics_impl.go:148.35,156.49 7 1
github.com/KOMKZ/go-yogan/breaker/metrics_impl.go:156.49,158.4 1 1
github.com/KOMKZ/go-yogan/breaker/metrics_impl.go:159.3,159.22 1 1
github.com/KOMKZ/go-yogan/breaker/metrics_impl.go:162.2,166.23 3 1
github.com/KOMKZ/go-yogan/breaker/metrics_impl.go:166.23,170.3 3 1
github.com/KOMKZ/go-yogan/breaker/metrics_impl.go:173.2,177.27 4 1
github.com/KOMKZ/go-yogan/breaker/metrics_impl.go:177.27,178.48 1 1
github.com/KOMKZ/go-yogan/breaker/metrics_impl.go:178.48,180.4 1 1
github.com/KOMKZ/go-yogan/breaker/metrics_impl.go:183.3,184.36 2 1
github.com/KOMKZ/go-yogan/breaker/metrics_impl.go:184.36,186.41 2 1
github.com/KOMKZ/go-yogan/breaker/metrics_impl.go:186.41,188.5 1 1
github.com/KOMKZ/go-yogan/breaker/metrics_impl.go:190.3,199.24 6 1
github.com/KOMKZ/go-yogan/breaker/metrics_impl.go:199.24,201.4 1 1
github.com/KOMKZ/go-yogan/breaker/metrics_impl.go:204.2,225.3 1 1
github.com/KOMKZ/go-yogan/breaker/metrics_impl.go:229.79,236.2 5 1
github.com/KOMKZ/go-yogan/breaker/metrics_impl.go:239.59,244.2 3 1
github.com/KOMKZ/go-yogan/breaker/metrics_impl.go:247.40,252.37 4 1
github.com/KOMKZ/go-yogan/breaker/metrics_impl.go:252.37,254.3 1 1
github.com/KOMKZ/go-yogan/breaker/metrics_impl.go:255.2,256.18 2 1
github.com/KOMKZ/go-yogan/breaker/metrics_impl.go:260.41,269.20 6 1
github.com/KOMKZ/go-yogan/breaker/metrics_impl.go:269.20,271.3 1 1
github.com/KOMKZ/go-yogan/breaker/metrics_impl.go:274.2,274.31 1 1
github.com/KOMKZ/go-yogan/breaker/metrics_impl.go:274.31,276.3 1 1
github.com/KOMKZ/go-yogan/breaker/metrics_impl.go:279.2,279.33 1 1
github.com/KOMKZ/go-yogan/breaker/metrics_impl.go:279.33,282.3 2 1
github.com/KOMKZ/go-yogan/breaker/metrics_impl.go:284.2,284.20 1 1
github.com/KOMKZ/go-yogan/breaker/metrics_impl.go:288.59,292.2 3 1
github.com/KOMKZ/go-yogan/breaker/metrics_impl.go:295.50,298.34 3 1
github.com/KOMKZ/go-yogan/breaker/metrics_impl.go:298.34,300.3 1 1
github.com/KOMKZ/go-yogan/breaker/metrics_impl.go:301.2,303.25 2 1
github.com/KOMKZ/go-yogan/breaker/metrics_impl.go:303.25,305.3 1 1
github.com/KOMKZ/go-yogan/breaker/metrics_impl.go:307.2,308.32 2 1
github.com/KOMKZ/go-yogan/breaker/metrics_impl.go:308.32,310.3 1 1
github.com/KOMKZ/go-yogan/breaker/state.go:19.38,24.2 1 1
github.com/KOMKZ/go-yogan/breaker/state.go:27.42,31.2 3 1
github.com/KOMKZ/go-yogan/breaker/state.go:34.64,38.18 3 1
github.com/KOMKZ/go-yogan/breaker/state.go:39.19,41.14 1 1
github.com/KOMKZ/go-yogan/breaker/state.go:43.17,45.55 1 1
github.com/KOMKZ/go-yogan/breaker/state.go:45.55,49.4 3 1
github.com/KOMKZ/go-yogan/breaker/state.go:51.3,51.15 1 1
github.com/KOMKZ/go-yogan/breaker/state.go:53.21,55.52 1 1
github.com/KOMKZ/go-yogan/breaker/state.go:55.52,58.4 2 1
github.com/KOMKZ/go-yogan/breaker/state.go:59.3,59.15 1 1
github.com/KOMKZ/go-yogan/breaker/state.go:61.10,62.15 1 0
github.com/KOMKZ/go-yogan/breaker/state.go:67.108,71.18 3 1
github.com/KOMKZ/go-yogan/breaker/state.go:72.19,74.22 1 1
github.com/KOMKZ/go-yogan/breaker/state.go:76.21,79.49 2 1
github.com/KOMKZ/go-yogan/breaker/state.go:79.49,87.4 6 1
github.com/KOMKZ/go-yogan/breaker/state.go:90.2,90.34 1 1
github.com/KOMKZ/go-yogan/breaker/state.go:94.87,98.18 3 1
github.com/KOMKZ/go-yogan/breaker/state.go:99.19,101.20 1 1
github.com/KOMKZ/go-yogan/breaker/state.go:103.21,110.34 6 1
github.com/KOMKZ/go-yogan/breaker/state.go:113.2,113.34 1 1
github.com/KOMKZ/go-yogan/breaker/state.go:117.99,121.43 3 1
github.com/KOMKZ/go-yogan/breaker/state.go:121.43,126.3 4 1
github.com/KOMKZ/go-yogan/breaker/state.go:128.2,128.34 1 1
github.com/KOMKZ/go-yogan/breaker/state.go:132.79,136.29 3 1
github.com/KOMKZ/go-yogan/breaker/state.go:136.29,144.3 7 1
github.com/KOMKZ/go-yogan/breaker/state.go:146.2,146.34 1 1
github.com/KOMKZ/go-yogan/breaker/state.go:150.69,153.2 2 1
github.com/KOMKZ/go-yogan/breaker/state.go:156.47,160.2 3 1
github.com/KOMKZ/go-yogan/breaker/state.go:163.47,167.2 3 1
github.com/KOMKZ/go-yogan/breaker/state.go:170.56,174.2 3 1
github.com/KOMKZ/go-yogan/breaker/strategy.go:15.43,17.2 1 1
github.com/KOMKZ/go-yogan/breaker/strategy.go:19.95,21.56 1 1
github.com/KOMKZ/go-yogan/breaker/strategy.go:21.56,23.3 1 1
github.com/KOMKZ/go-yogan/breaker/strategy.go:26.2,26.56 1 1
github.com/KOMKZ/go-yogan/breaker/strategy.go:32.46,34.2 1 1
github.com/KOMKZ/go-yogan/breaker/strategy.go:36.98,38.56 1 1
github.com/KOMKZ/go-yogan/breaker/strategy.go:38.56,40.3 1 1
github.com/KOMKZ/go-yogan/breaker/strategy.go:43.2,43.58 1 1
github.com/KOMKZ/go-yogan/breaker/strategy.go:51.53,53.2 1 1
github.com/KOMKZ/go-yogan/breaker/strategy.go:55.105,58.2 1 1
github.com/KOMKZ/go-yogan/breaker/strategy.go:61.55,63.2 1 1
github.com/KOMKZ/go-yogan/breaker/strategy.go:66.55,68.2 1 1
github.com/KOMKZ/go-yogan/breaker/strategy.go:71.46,72.14 1 1
github.com/KOMKZ/go-yogan/breaker/strategy.go:73.20,74.30 1 1
github.com/KOMKZ/go-yogan/breaker/strategy.go:75.24,76.33 1 1
github.com/KOMKZ/go-yogan/breaker/strategy.go:77.30,78.40 1 1
github.com/KOMKZ/go-yogan/breaker/strategy.go:79.10,80.30 1 1
