mode: set
github.com/KOMKZ/go-yogan-framework/retry/backoff.go:26.44,32.2 1 1
github.com/KOMKZ/go-yogan-framework/retry/backoff.go:35.46,36.32 1 1
github.com/KOMKZ/go-yogan-framework/retry/backoff.go:36.32,37.12 1 1
github.com/KOMKZ/go-yogan-framework/retry/backoff.go:37.12,39.4 1 1
github.com/KOMKZ/go-yogan-framework/retry/backoff.go:44.50,45.32 1 1
github.com/KOMKZ/go-yogan-framework/retry/backoff.go:45.32,46.12 1 1
github.com/KOMKZ/go-yogan-framework/retry/backoff.go:46.12,48.4 1 1
github.com/KOMKZ/go-yogan-framework/retry/backoff.go:53.46,54.32 1 1
github.com/KOMKZ/go-yogan-framework/retry/backoff.go:54.32,55.33 1 1
github.com/KOMKZ/go-yogan-framework/retry/backoff.go:55.33,57.4 1 1
github.com/KOMKZ/go-yogan-framework/retry/backoff.go:78.84,80.27 2 1
github.com/KOMKZ/go-yogan-framework/retry/backoff.go:80.27,82.3 1 1
github.com/KOMKZ/go-yogan-framework/retry/backoff.go:84.2,87.3 1 1
github.com/KOMKZ/go-yogan-framework/retry/backoff.go:91.62,92.18 1 1
github.com/KOMKZ/go-yogan-framework/retry/backoff.go:92.18,94.3 1 1
github.com/KOMKZ/go-yogan-framework/retry/backoff.go:97.2,100.40 2 1
github.com/KOMKZ/go-yogan-framework/retry/backoff.go:100.40,102.3 1 1
github.com/KOMKZ/go-yogan-framework/retry/backoff.go:105.2,105.25 1 1
github.com/KOMKZ/go-yogan-framework/retry/backoff.go:105.25,107.3 1 1
github.com/KOMKZ/go-yogan-framework/retry/backoff.go:109.2,109.29 1 1
github.com/KOMKZ/go-yogan-framework/retry/backoff.go:129.79,131.27 2 1
github.com/KOMKZ/go-yogan-framework/retry/backoff.go:131.27,133.3 1 1
github.com/KOMKZ/go-yogan-framework/retry/backoff.go:135.2,138.3 1 1
github.com/KOMKZ/go-yogan-framework/retry/backoff.go:142.57,143.18 1 1
github.com/KOMKZ/go-yogan-framework/retry/backoff.go:143.18,145.3 1 1
github.com/KOMKZ/go-yogan-framework/retry/backoff.go:148.2,151.40 2 1
github.com/KOMKZ/go-yogan-framework/retry/backoff.go:151.40,153.3 1 1
github.com/KOMKZ/go-yogan-framework/retry/backoff.go:156.2,156.25 1 1
github.com/KOMKZ/go-yogan-framework/retry/backoff.go:156.25,158.3 1 0
github.com/KOMKZ/go-yogan-framework/retry/backoff.go:160.2,160.29 1 1
github.com/KOMKZ/go-yogan-framework/retry/backoff.go:179.82,181.27 2 1
github.com/KOMKZ/go-yogan-framework/retry/backoff.go:181.27,183.3 1 1
github.com/KOMKZ/go-yogan-framework/retry/backoff.go:185.2,188.3 1 1
github.com/KOMKZ/go-yogan-framework/retry/backoff.go:192.59,193.18 1 1
github.com/KOMKZ/go-yogan-framework/retry/backoff.go:193.18,195.3 1 1
github.com/KOMKZ/go-yogan-framework/retry/backoff.go:197.2,200.25 2 1
github.com/KOMKZ/go-yogan-framework/retry/backoff.go:200.25,202.3 1 1
github.com/KOMKZ/go-yogan-framework/retry/backoff.go:204.2,204.29 1 1
github.com/KOMKZ/go-yogan-framework/retry/backoff.go:215.34,217.2 1 1
github.com/KOMKZ/go-yogan-framework/retry/backoff.go:220.53,222.2 1 1
github.com/KOMKZ/go-yogan-framework/retry/backoff.go:230.57,240.16 4 1
github.com/KOMKZ/go-yogan-framework/retry/backoff.go:240.16,242.3 1 0
github.com/KOMKZ/go-yogan-framework/retry/backoff.go:244.2,244.15 1 1
github.com/KOMKZ/go-yogan-framework/retry/budget.go:24.75,25.15 1 1
github.com/KOMKZ/go-yogan-framework/retry/budget.go:25.15,27.3 1 1
github.com/KOMKZ/go-yogan-framework/retry/budget.go:28.2,28.17 1 1
github.com/KOMKZ/go-yogan-framework/retry/budget.go:28.17,30.3 1 1
github.com/KOMKZ/go-yogan-framework/retry/budget.go:31.2,31.17 1 1
github.com/KOMKZ/go-yogan-framework/retry/budget.go:31.17,33.3 1 1
github.com/KOMKZ/go-yogan-framework/retry/budget.go:35.2,39.3 1 1
github.com/KOMKZ/go-yogan-framework/retry/budget.go:44.38,56.2 5 1
github.com/KOMKZ/go-yogan-framework/retry/budget.go:60.46,69.14 5 1
github.com/KOMKZ/go-yogan-framework/retry/budget.go:69.14,71.3 1 1
github.com/KOMKZ/go-yogan-framework/retry/budget.go:75.48,84.19 6 1
github.com/KOMKZ/go-yogan-framework/retry/budget.go:84.19,86.3 1 1
github.com/KOMKZ/go-yogan-framework/retry/budget.go:88.2,97.3 1 1
github.com/KOMKZ/go-yogan-framework/retry/budget.go:101.33,108.2 5 1
github.com/KOMKZ/go-yogan-framework/retry/budget.go:111.44,113.40 2 1
github.com/KOMKZ/go-yogan-framework/retry/budget.go:113.40,118.3 3 1
github.com/KOMKZ/go-yogan-framework/retry/budget.go:122.55,123.21 1 1
github.com/KOMKZ/go-yogan-framework/retry/budget.go:123.21,125.3 1 1
github.com/KOMKZ/go-yogan-framework/retry/budget.go:127.2,128.21 2 1
github.com/KOMKZ/go-yogan-framework/retry/budget.go:128.21,130.3 1 0
github.com/KOMKZ/go-yogan-framework/retry/budget.go:132.2,132.40 1 1
github.com/KOMKZ/go-yogan-framework/retry/budget.go:148.42,150.2 1 1
github.com/KOMKZ/go-yogan-framework/retry/budget.go:153.46,155.2 1 1
github.com/KOMKZ/go-yogan-framework/retry/condition.go:30.35,32.2 1 1
github.com/KOMKZ/go-yogan-framework/retry/condition.go:34.64,36.2 1 1
github.com/KOMKZ/go-yogan-framework/retry/condition.go:42.34,44.2 1 1
github.com/KOMKZ/go-yogan-framework/retry/condition.go:46.63,48.2 1 1
github.com/KOMKZ/go-yogan-framework/retry/condition.go:60.48,62.2 1 1
github.com/KOMKZ/go-yogan-framework/retry/condition.go:64.65,65.16 1 1
github.com/KOMKZ/go-yogan-framework/retry/condition.go:65.16,67.3 1 1
github.com/KOMKZ/go-yogan-framework/retry/condition.go:68.2,68.33 1 1
github.com/KOMKZ/go-yogan-framework/retry/condition.go:77.53,79.2 1 1
github.com/KOMKZ/go-yogan-framework/retry/condition.go:81.66,82.16 1 1
github.com/KOMKZ/go-yogan-framework/retry/condition.go:82.16,84.3 1 1
github.com/KOMKZ/go-yogan-framework/retry/condition.go:86.2,86.35 1 1
github.com/KOMKZ/go-yogan-framework/retry/condition.go:86.35,87.29 1 1
github.com/KOMKZ/go-yogan-framework/retry/condition.go:87.29,89.4 1 1
github.com/KOMKZ/go-yogan-framework/retry/condition.go:92.2,92.14 1 1
github.com/KOMKZ/go-yogan-framework/retry/condition.go:105.59,107.2 1 1
github.com/KOMKZ/go-yogan-framework/retry/condition.go:109.69,110.16 1 1
github.com/KOMKZ/go-yogan-framework/retry/condition.go:110.16,112.3 1 1
github.com/KOMKZ/go-yogan-framework/retry/condition.go:113.2,113.18 1 1
github.com/KOMKZ/go-yogan-framework/retry/condition.go:126.65,128.35 2 1
github.com/KOMKZ/go-yogan-framework/retry/condition.go:128.35,130.3 1 1
github.com/KOMKZ/go-yogan-framework/retry/condition.go:132.2,132.43 1 1
github.com/KOMKZ/go-yogan-framework/retry/condition.go:135.69,136.16 1 1
github.com/KOMKZ/go-yogan-framework/retry/condition.go:136.16,138.3 1 1
github.com/KOMKZ/go-yogan-framework/retry/condition.go:141.2,142.9 2 1
github.com/KOMKZ/go-yogan-framework/retry/condition.go:142.9,144.3 1 1
github.com/KOMKZ/go-yogan-framework/retry/condition.go:146.2,147.20 2 1
github.com/KOMKZ/go-yogan-framework/retry/condition.go:166.56,168.34 2 1
github.com/KOMKZ/go-yogan-framework/retry/condition.go:168.34,170.3 1 1
github.com/KOMKZ/go-yogan-framework/retry/condition.go:172.2,172.48 1 1
github.com/KOMKZ/go-yogan-framework/retry/condition.go:175.70,176.16 1 1
github.com/KOMKZ/go-yogan-framework/retry/condition.go:176.16,178.3 1 1
github.com/KOMKZ/go-yogan-framework/retry/condition.go:181.2,182.9 2 1
github.com/KOMKZ/go-yogan-framework/retry/condition.go:182.9,184.3 1 1
github.com/KOMKZ/go-yogan-framework/retry/condition.go:186.2,187.20 2 1
github.com/KOMKZ/go-yogan-framework/retry/condition.go:207.45,209.2 1 1
github.com/KOMKZ/go-yogan-framework/retry/condition.go:211.74,212.16 1 1
github.com/KOMKZ/go-yogan-framework/retry/condition.go:212.16,214.3 1 1
github.com/KOMKZ/go-yogan-framework/retry/condition.go:217.2,217.58 1 1
github.com/KOMKZ/go-yogan-framework/retry/condition.go:217.58,219.3 1 1
github.com/KOMKZ/go-yogan-framework/retry/condition.go:222.2,222.82 1 1
github.com/KOMKZ/go-yogan-framework/retry/condition.go:222.82,224.3 1 1
github.com/KOMKZ/go-yogan-framework/retry/condition.go:227.2,228.29 2 1
github.com/KOMKZ/go-yogan-framework/retry/condition.go:228.29,230.3 1 1
github.com/KOMKZ/go-yogan-framework/retry/condition.go:233.2,236.33 1 1
github.com/KOMKZ/go-yogan-framework/retry/condition.go:236.33,238.3 1 0
github.com/KOMKZ/go-yogan-framework/retry/condition.go:240.2,240.14 1 1
github.com/KOMKZ/go-yogan-framework/retry/condition.go:253.55,255.2 1 1
github.com/KOMKZ/go-yogan-framework/retry/condition.go:257.65,258.36 1 1
github.com/KOMKZ/go-yogan-framework/retry/condition.go:258.36,259.38 1 1
github.com/KOMKZ/go-yogan-framework/retry/condition.go:259.38,261.4 1 1
github.com/KOMKZ/go-yogan-framework/retry/condition.go:263.2,263.13 1 1
github.com/KOMKZ/go-yogan-framework/retry/condition.go:272.54,274.2 1 1
github.com/KOMKZ/go-yogan-framework/retry/condition.go:276.64,277.36 1 1
github.com/KOMKZ/go-yogan-framework/retry/condition.go:277.36,278.37 1 1
github.com/KOMKZ/go-yogan-framework/retry/condition.go:278.37,280.4 1 1
github.com/KOMKZ/go-yogan-framework/retry/condition.go:282.2,282.14 1 1
github.com/KOMKZ/go-yogan-framework/retry/condition.go:291.51,293.2 1 1
github.com/KOMKZ/go-yogan-framework/retry/condition.go:295.65,297.2 1 1
github.com/KOMKZ/go-yogan-framework/retry/errors.go:16.37,17.24 1 1
github.com/KOMKZ/go-yogan-framework/retry/errors.go:17.24,19.3 1 0
github.com/KOMKZ/go-yogan-framework/retry/errors.go:22.2,22.42 1 1
github.com/KOMKZ/go-yogan-framework/retry/errors.go:26.37,27.24 1 1
github.com/KOMKZ/go-yogan-framework/retry/errors.go:27.24,29.3 1 0
github.com/KOMKZ/go-yogan-framework/retry/errors.go:30.2,30.34 1 1
github.com/KOMKZ/go-yogan-framework/retry/errors.go:34.41,35.24 1 1
github.com/KOMKZ/go-yogan-framework/retry/errors.go:35.24,37.3 1 0
github.com/KOMKZ/go-yogan-framework/retry/errors.go:39.2,41.31 3 1
github.com/KOMKZ/go-yogan-framework/retry/errors.go:41.31,43.3 1 1
github.com/KOMKZ/go-yogan-framework/retry/errors.go:45.2,45.19 1 1
github.com/KOMKZ/go-yogan-framework/retry/errors.go:49.40,50.24 1 1
github.com/KOMKZ/go-yogan-framework/retry/errors.go:50.24,52.3 1 0
github.com/KOMKZ/go-yogan-framework/retry/errors.go:53.2,53.34 1 1
github.com/KOMKZ/go-yogan-framework/retry/errors.go:57.41,58.24 1 1
github.com/KOMKZ/go-yogan-framework/retry/errors.go:58.24,60.3 1 0
github.com/KOMKZ/go-yogan-framework/retry/errors.go:61.2,61.20 1 1
github.com/KOMKZ/go-yogan-framework/retry/options.go:18.30,27.2 1 1
github.com/KOMKZ/go-yogan-framework/retry/options.go:33.32,34.25 1 1
github.com/KOMKZ/go-yogan-framework/retry/options.go:34.25,35.12 1 1
github.com/KOMKZ/go-yogan-framework/retry/options.go:35.12,37.4 1 1
github.com/KOMKZ/go-yogan-framework/retry/options.go:42.40,43.25 1 1
github.com/KOMKZ/go-yogan-framework/retry/options.go:43.25,44.15 1 1
github.com/KOMKZ/go-yogan-framework/retry/options.go:44.15,46.4 1 1
github.com/KOMKZ/go-yogan-framework/retry/options.go:51.44,52.25 1 1
github.com/KOMKZ/go-yogan-framework/retry/options.go:52.25,53.18 1 1
github.com/KOMKZ/go-yogan-framework/retry/options.go:53.18,55.4 1 1
github.com/KOMKZ/go-yogan-framework/retry/options.go:60.53,61.25 1 1
github.com/KOMKZ/go-yogan-framework/retry/options.go:61.25,63.3 1 1
github.com/KOMKZ/go-yogan-framework/retry/options.go:67.38,68.25 1 1
github.com/KOMKZ/go-yogan-framework/retry/options.go:68.25,69.12 1 1
github.com/KOMKZ/go-yogan-framework/retry/options.go:69.12,71.4 1 1
github.com/KOMKZ/go-yogan-framework/retry/options.go:76.38,77.25 1 0
github.com/KOMKZ/go-yogan-framework/retry/options.go:77.25,79.3 1 0
github.com/KOMKZ/go-yogan-framework/retry/retry.go:11.76,12.53 1 1
github.com/KOMKZ/go-yogan-framework/retry/retry.go:12.53,14.3 1 1
github.com/KOMKZ/go-yogan-framework/retry/retry.go:16.2,16.12 1 1
github.com/KOMKZ/go-yogan-framework/retry/retry.go:21.101,24.27 2 1
github.com/KOMKZ/go-yogan-framework/retry/retry.go:24.27,26.3 1 1
github.com/KOMKZ/go-yogan-framework/retry/retry.go:28.2,31.58 3 1
github.com/KOMKZ/go-yogan-framework/retry/retry.go:31.58,33.10 1 1
github.com/KOMKZ/go-yogan-framework/retry/retry.go:34.21,35.28 1 0
github.com/KOMKZ/go-yogan-framework/retry/retry.go:36.11,36.11 0 1
github.com/KOMKZ/go-yogan-framework/retry/retry.go:40.3,40.62 1 1
github.com/KOMKZ/go-yogan-framework/retry/retry.go:40.62,47.4 2 0
github.com/KOMKZ/go-yogan-framework/retry/retry.go:50.3,51.22 2 1
github.com/KOMKZ/go-yogan-framework/retry/retry.go:51.22,56.4 3 1
github.com/KOMKZ/go-yogan-framework/retry/retry.go:56.9,59.4 1 1
github.com/KOMKZ/go-yogan-framework/retry/retry.go:62.3,62.17 1 1
github.com/KOMKZ/go-yogan-framework/retry/retry.go:62.17,64.25 1 1
github.com/KOMKZ/go-yogan-framework/retry/retry.go:64.25,66.5 1 0
github.com/KOMKZ/go-yogan-framework/retry/retry.go:67.4,67.22 1 1
github.com/KOMKZ/go-yogan-framework/retry/retry.go:71.3,74.24 2 1
github.com/KOMKZ/go-yogan-framework/retry/retry.go:74.24,76.4 1 0
github.com/KOMKZ/go-yogan-framework/retry/retry.go:79.3,79.47 1 1
github.com/KOMKZ/go-yogan-framework/retry/retry.go:79.47,86.4 2 1
github.com/KOMKZ/go-yogan-framework/retry/retry.go:89.3,89.33 1 1
github.com/KOMKZ/go-yogan-framework/retry/retry.go:89.33,95.4 2 1
github.com/KOMKZ/go-yogan-framework/retry/retry.go:98.3,98.25 1 1
github.com/KOMKZ/go-yogan-framework/retry/retry.go:98.25,100.4 1 1
github.com/KOMKZ/go-yogan-framework/retry/retry.go:103.3,106.41 2 1
github.com/KOMKZ/go-yogan-framework/retry/retry.go:106.41,108.27 2 1
github.com/KOMKZ/go-yogan-framework/retry/retry.go:108.27,115.5 2 1
github.com/KOMKZ/go-yogan-framework/retry/retry.go:119.3,119.10 1 1
github.com/KOMKZ/go-yogan-framework/retry/retry.go:120.30,120.30 0 1
github.com/KOMKZ/go-yogan-framework/retry/retry.go:122.21,123.28 1 1
github.com/KOMKZ/go-yogan-framework/retry/retry.go:128.2,132.25 2 0
github.com/KOMKZ/go-yogan-framework/retry/retry.go:136.93,144.12 3 1
github.com/KOMKZ/go-yogan-framework/retry/retry.go:144.12,147.3 2 1
github.com/KOMKZ/go-yogan-framework/retry/retry.go:149.2,149.9 1 1
github.com/KOMKZ/go-yogan-framework/retry/retry.go:150.19,151.27 1 0
github.com/KOMKZ/go-yogan-framework/retry/retry.go:152.20,154.25 2 1
github.com/KOMKZ/go-yogan-framework/retry/retry.go:163.44,165.31 2 1
github.com/KOMKZ/go-yogan-framework/retry/retry.go:165.31,167.3 1 1
github.com/KOMKZ/go-yogan-framework/retry/retry.go:168.2,168.14 1 1
github.com/KOMKZ/go-yogan-framework/retry/retry.go:172.33,174.31 2 1
github.com/KOMKZ/go-yogan-framework/retry/retry.go:174.31,176.3 1 1
github.com/KOMKZ/go-yogan-framework/retry/retry.go:177.2,177.10 1 1
github.com/KOMKZ/go-yogan-framework/retry/retry.go:181.38,183.31 2 1
github.com/KOMKZ/go-yogan-framework/retry/retry.go:183.31,185.3 1 1
github.com/KOMKZ/go-yogan-framework/retry/retry.go:186.2,186.12 1 1
