mode: set
github.com/KOMKZ/go-yogan-framework/jwt/claims.go:26.32,30.53 2 1
github.com/KOMKZ/go-yogan-framework/jwt/claims.go:30.53,32.3 1 1
github.com/KOMKZ/go-yogan-framework/jwt/claims.go:35.2,35.54 1 1
github.com/KOMKZ/go-yogan-framework/jwt/claims.go:35.54,37.3 1 1
github.com/KOMKZ/go-yogan-framework/jwt/claims.go:39.2,39.12 1 1
github.com/KOMKZ/go-yogan-framework/jwt/claims.go:43.35,44.26 1 1
github.com/KOMKZ/go-yogan-framework/jwt/claims.go:44.26,46.3 1 1
github.com/KOMKZ/go-yogan-framework/jwt/claims.go:47.2,47.38 1 1
github.com/KOMKZ/go-yogan-framework/jwt/claims.go:51.38,52.26 1 1
github.com/KOMKZ/go-yogan-framework/jwt/claims.go:52.26,54.3 1 1
github.com/KOMKZ/go-yogan-framework/jwt/claims.go:55.2,55.32 1 1
github.com/KOMKZ/go-yogan-framework/jwt/component.go:24.32,26.2 1 1
github.com/KOMKZ/go-yogan-framework/jwt/component.go:29.35,31.2 1 1
github.com/KOMKZ/go-yogan-framework/jwt/component.go:34.42,40.2 1 1
github.com/KOMKZ/go-yogan-framework/jwt/component.go:43.63,46.58 2 1
github.com/KOMKZ/go-yogan-framework/jwt/component.go:46.58,50.3 2 0
github.com/KOMKZ/go-yogan-framework/jwt/component.go:50.8,52.3 1 1
github.com/KOMKZ/go-yogan-framework/jwt/component.go:54.2,54.23 1 1
github.com/KOMKZ/go-yogan-framework/jwt/component.go:54.23,56.3 1 1
github.com/KOMKZ/go-yogan-framework/jwt/component.go:59.2,59.44 1 1
github.com/KOMKZ/go-yogan-framework/jwt/component.go:59.44,61.3 1 1
github.com/KOMKZ/go-yogan-framework/jwt/component.go:64.2,68.12 3 1
github.com/KOMKZ/go-yogan-framework/jwt/component.go:72.54,73.23 1 1
github.com/KOMKZ/go-yogan-framework/jwt/component.go:73.23,75.3 1 1
github.com/KOMKZ/go-yogan-framework/jwt/component.go:78.2,78.45 1 1
github.com/KOMKZ/go-yogan-framework/jwt/component.go:78.45,80.3 1 0
github.com/KOMKZ/go-yogan-framework/jwt/component.go:83.2,84.16 2 1
github.com/KOMKZ/go-yogan-framework/jwt/component.go:84.16,86.3 1 0
github.com/KOMKZ/go-yogan-framework/jwt/component.go:87.2,91.12 3 1
github.com/KOMKZ/go-yogan-framework/jwt/component.go:95.53,96.23 1 1
github.com/KOMKZ/go-yogan-framework/jwt/component.go:96.23,98.3 1 1
github.com/KOMKZ/go-yogan-framework/jwt/component.go:101.2,101.25 1 1
github.com/KOMKZ/go-yogan-framework/jwt/component.go:101.25,102.46 1 1
github.com/KOMKZ/go-yogan-framework/jwt/component.go:102.46,104.4 1 0
github.com/KOMKZ/go-yogan-framework/jwt/component.go:107.2,109.12 2 1
github.com/KOMKZ/go-yogan-framework/jwt/component.go:113.39,115.2 1 1
github.com/KOMKZ/go-yogan-framework/jwt/component.go:118.52,120.2 1 1
github.com/KOMKZ/go-yogan-framework/jwt/component.go:123.67,125.2 1 1
github.com/KOMKZ/go-yogan-framework/jwt/component.go:128.55,130.2 1 1
github.com/KOMKZ/go-yogan-framework/jwt/component.go:133.41,135.2 1 1
github.com/KOMKZ/go-yogan-framework/jwt/component.go:138.46,139.33 1 1
github.com/KOMKZ/go-yogan-framework/jwt/component.go:139.33,143.3 2 1
github.com/KOMKZ/go-yogan-framework/jwt/component.go:145.2,145.36 1 1
github.com/KOMKZ/go-yogan-framework/jwt/component.go:146.15,147.35 1 0
github.com/KOMKZ/go-yogan-framework/jwt/component.go:148.16,149.36 1 1
github.com/KOMKZ/go-yogan-framework/jwt/component.go:150.10,151.85 1 0
github.com/KOMKZ/go-yogan-framework/jwt/component.go:156.51,158.29 1 1
github.com/KOMKZ/go-yogan-framework/jwt/component.go:158.29,159.24 1 1
github.com/KOMKZ/go-yogan-framework/jwt/component.go:159.24,161.4 1 0
github.com/KOMKZ/go-yogan-framework/jwt/component.go:163.3,164.10 2 1
github.com/KOMKZ/go-yogan-framework/jwt/component.go:164.10,166.4 1 1
github.com/KOMKZ/go-yogan-framework/jwt/component.go:168.3,169.10 2 1
github.com/KOMKZ/go-yogan-framework/jwt/component.go:169.10,171.4 1 1
github.com/KOMKZ/go-yogan-framework/jwt/component.go:173.3,173.36 1 0
github.com/KOMKZ/go-yogan-framework/jwt/component.go:177.2,185.12 5 1
github.com/KOMKZ/go-yogan-framework/jwt/component.go:189.52,195.2 3 1
github.com/KOMKZ/go-yogan-framework/jwt/config.go:60.35,61.16 1 1
github.com/KOMKZ/go-yogan-framework/jwt/config.go:61.16,63.3 1 1
github.com/KOMKZ/go-yogan-framework/jwt/config.go:66.2,66.21 1 1
github.com/KOMKZ/go-yogan-framework/jwt/config.go:67.33,68.21 1 1
github.com/KOMKZ/go-yogan-framework/jwt/config.go:68.21,70.4 1 1
github.com/KOMKZ/go-yogan-framework/jwt/config.go:71.33,72.54 1 1
github.com/KOMKZ/go-yogan-framework/jwt/config.go:72.54,74.4 1 1
github.com/KOMKZ/go-yogan-framework/jwt/config.go:75.10,76.34 1 1
github.com/KOMKZ/go-yogan-framework/jwt/config.go:80.2,80.28 1 1
github.com/KOMKZ/go-yogan-framework/jwt/config.go:80.28,82.3 1 1
github.com/KOMKZ/go-yogan-framework/jwt/config.go:84.2,84.55 1 1
github.com/KOMKZ/go-yogan-framework/jwt/config.go:84.55,86.3 1 1
github.com/KOMKZ/go-yogan-framework/jwt/config.go:89.2,89.25 1 1
github.com/KOMKZ/go-yogan-framework/jwt/config.go:89.25,90.72 1 1
github.com/KOMKZ/go-yogan-framework/jwt/config.go:90.72,92.4 1 1
github.com/KOMKZ/go-yogan-framework/jwt/config.go:95.2,95.12 1 1
github.com/KOMKZ/go-yogan-framework/jwt/config.go:99.34,100.23 1 1
github.com/KOMKZ/go-yogan-framework/jwt/config.go:100.23,102.3 1 1
github.com/KOMKZ/go-yogan-framework/jwt/config.go:104.2,104.28 1 1
github.com/KOMKZ/go-yogan-framework/jwt/config.go:104.28,106.3 1 1
github.com/KOMKZ/go-yogan-framework/jwt/config.go:108.2,108.32 1 1
github.com/KOMKZ/go-yogan-framework/jwt/config.go:108.32,110.3 1 1
github.com/KOMKZ/go-yogan-framework/jwt/config.go:112.2,112.29 1 1
github.com/KOMKZ/go-yogan-framework/jwt/config.go:112.29,114.3 1 1
github.com/KOMKZ/go-yogan-framework/jwt/config.go:116.2,116.38 1 1
github.com/KOMKZ/go-yogan-framework/jwt/config.go:116.38,118.3 1 1
github.com/KOMKZ/go-yogan-framework/jwt/config.go:120.2,120.38 1 1
github.com/KOMKZ/go-yogan-framework/jwt/config.go:120.38,122.3 1 1
github.com/KOMKZ/go-yogan-framework/jwt/config.go:124.2,124.31 1 1
github.com/KOMKZ/go-yogan-framework/jwt/config.go:124.31,126.3 1 1
github.com/KOMKZ/go-yogan-framework/jwt/token_manager.go:46.109,47.42 1 1
github.com/KOMKZ/go-yogan-framework/jwt/token_manager.go:47.42,49.3 1 1
github.com/KOMKZ/go-yogan-framework/jwt/token_manager.go:51.2,58.53 2 1
github.com/KOMKZ/go-yogan-framework/jwt/token_manager.go:58.53,60.3 1 0
github.com/KOMKZ/go-yogan-framework/jwt/token_manager.go:62.2,62.21 1 1
github.com/KOMKZ/go-yogan-framework/jwt/token_manager.go:66.55,67.28 1 1
github.com/KOMKZ/go-yogan-framework/jwt/token_manager.go:68.15,71.29 3 1
github.com/KOMKZ/go-yogan-framework/jwt/token_manager.go:72.15,75.29 3 1
github.com/KOMKZ/go-yogan-framework/jwt/token_manager.go:76.15,79.29 3 1
github.com/KOMKZ/go-yogan-framework/jwt/token_manager.go:80.15,83.49 2 0
github.com/KOMKZ/go-yogan-framework/jwt/token_manager.go:84.10,85.34 1 0
github.com/KOMKZ/go-yogan-framework/jwt/token_manager.go:88.2,88.12 1 1
github.com/KOMKZ/go-yogan-framework/jwt/token_manager.go:92.138,106.41 4 1
github.com/KOMKZ/go-yogan-framework/jwt/token_manager.go:106.41,108.3 1 1
github.com/KOMKZ/go-yogan-framework/jwt/token_manager.go:111.2,111.33 1 1
github.com/KOMKZ/go-yogan-framework/jwt/token_manager.go:111.33,113.3 1 1
github.com/KOMKZ/go-yogan-framework/jwt/token_manager.go:116.2,116.39 1 1
github.com/KOMKZ/go-yogan-framework/jwt/token_manager.go:116.39,118.3 1 1
github.com/KOMKZ/go-yogan-framework/jwt/token_manager.go:121.2,121.33 1 1
github.com/KOMKZ/go-yogan-framework/jwt/token_manager.go:121.33,123.3 1 1
github.com/KOMKZ/go-yogan-framework/jwt/token_manager.go:126.2,130.16 3 1
github.com/KOMKZ/go-yogan-framework/jwt/token_manager.go:130.16,136.3 2 0
github.com/KOMKZ/go-yogan-framework/jwt/token_manager.go:138.2,143.25 2 1
github.com/KOMKZ/go-yogan-framework/jwt/token_manager.go:147.102,148.36 1 1
github.com/KOMKZ/go-yogan-framework/jwt/token_manager.go:148.36,150.3 1 1
github.com/KOMKZ/go-yogan-framework/jwt/token_manager.go:152.2,165.16 6 1
github.com/KOMKZ/go-yogan-framework/jwt/token_manager.go:165.16,171.3 2 0
github.com/KOMKZ/go-yogan-framework/jwt/token_manager.go:173.2,178.25 2 1
github.com/KOMKZ/go-yogan-framework/jwt/token_manager.go:182.98,184.83 1 1
github.com/KOMKZ/go-yogan-framework/jwt/token_manager.go:184.83,186.38 1 1
github.com/KOMKZ/go-yogan-framework/jwt/token_manager.go:186.38,188.4 1 0
github.com/KOMKZ/go-yogan-framework/jwt/token_manager.go:189.3,189.26 1 1
github.com/KOMKZ/go-yogan-framework/jwt/token_manager.go:192.2,192.16 1 1
github.com/KOMKZ/go-yogan-framework/jwt/token_manager.go:192.16,197.3 2 1
github.com/KOMKZ/go-yogan-framework/jwt/token_manager.go:199.2,199.18 1 1
github.com/KOMKZ/go-yogan-framework/jwt/token_manager.go:199.18,201.3 1 0
github.com/KOMKZ/go-yogan-framework/jwt/token_manager.go:204.2,205.9 2 1
github.com/KOMKZ/go-yogan-framework/jwt/token_manager.go:205.9,207.3 1 0
github.com/KOMKZ/go-yogan-framework/jwt/token_manager.go:210.2,211.16 2 1
github.com/KOMKZ/go-yogan-framework/jwt/token_manager.go:211.16,216.3 2 0
github.com/KOMKZ/go-yogan-framework/jwt/token_manager.go:219.2,219.55 1 1
github.com/KOMKZ/go-yogan-framework/jwt/token_manager.go:219.55,222.17 2 1
github.com/KOMKZ/go-yogan-framework/jwt/token_manager.go:222.17,227.4 2 1
github.com/KOMKZ/go-yogan-framework/jwt/token_manager.go:228.3,228.18 1 1
github.com/KOMKZ/go-yogan-framework/jwt/token_manager.go:228.18,233.4 2 1
github.com/KOMKZ/go-yogan-framework/jwt/token_manager.go:236.3,237.17 2 1
github.com/KOMKZ/go-yogan-framework/jwt/token_manager.go:237.17,242.4 2 1
github.com/KOMKZ/go-yogan-framework/jwt/token_manager.go:243.3,243.22 1 1
github.com/KOMKZ/go-yogan-framework/jwt/token_manager.go:243.22,248.4 2 1
github.com/KOMKZ/go-yogan-framework/jwt/token_manager.go:251.2,255.20 2 1
github.com/KOMKZ/go-yogan-framework/jwt/token_manager.go:259.99,262.16 2 1
github.com/KOMKZ/go-yogan-framework/jwt/token_manager.go:262.16,264.3 1 1
github.com/KOMKZ/go-yogan-framework/jwt/token_manager.go:267.2,267.35 1 1
github.com/KOMKZ/go-yogan-framework/jwt/token_manager.go:267.35,269.3 1 1
github.com/KOMKZ/go-yogan-framework/jwt/token_manager.go:272.2,273.23 2 1
github.com/KOMKZ/go-yogan-framework/jwt/token_manager.go:273.23,275.3 1 0
github.com/KOMKZ/go-yogan-framework/jwt/token_manager.go:276.2,276.27 1 1
github.com/KOMKZ/go-yogan-framework/jwt/token_manager.go:276.27,278.3 1 0
github.com/KOMKZ/go-yogan-framework/jwt/token_manager.go:279.2,279.27 1 1
github.com/KOMKZ/go-yogan-framework/jwt/token_manager.go:279.27,281.3 1 0
github.com/KOMKZ/go-yogan-framework/jwt/token_manager.go:282.2,282.27 1 1
github.com/KOMKZ/go-yogan-framework/jwt/token_manager.go:282.27,284.3 1 0
github.com/KOMKZ/go-yogan-framework/jwt/token_manager.go:286.2,287.16 2 1
github.com/KOMKZ/go-yogan-framework/jwt/token_manager.go:287.16,289.3 1 0
github.com/KOMKZ/go-yogan-framework/jwt/token_manager.go:291.2,295.25 2 1
github.com/KOMKZ/go-yogan-framework/jwt/token_manager.go:299.87,300.56 1 1
github.com/KOMKZ/go-yogan-framework/jwt/token_manager.go:300.56,302.3 1 1
github.com/KOMKZ/go-yogan-framework/jwt/token_manager.go:305.2,306.16 2 1
github.com/KOMKZ/go-yogan-framework/jwt/token_manager.go:306.16,309.3 1 1
github.com/KOMKZ/go-yogan-framework/jwt/token_manager.go:312.2,313.14 2 1
github.com/KOMKZ/go-yogan-framework/jwt/token_manager.go:313.14,315.3 1 0
github.com/KOMKZ/go-yogan-framework/jwt/token_manager.go:317.2,318.16 2 1
github.com/KOMKZ/go-yogan-framework/jwt/token_manager.go:318.16,320.3 1 0
github.com/KOMKZ/go-yogan-framework/jwt/token_manager.go:322.2,327.12 2 1
github.com/KOMKZ/go-yogan-framework/jwt/token_manager.go:331.88,332.56 1 1
github.com/KOMKZ/go-yogan-framework/jwt/token_manager.go:332.56,334.3 1 1
github.com/KOMKZ/go-yogan-framework/jwt/token_manager.go:337.2,340.16 3 1
github.com/KOMKZ/go-yogan-framework/jwt/token_manager.go:340.16,342.3 1 0
github.com/KOMKZ/go-yogan-framework/jwt/token_manager.go:344.2,348.12 2 1
github.com/KOMKZ/go-yogan-framework/jwt/token_manager.go:352.88,356.46 2 1
github.com/KOMKZ/go-yogan-framework/jwt/token_manager.go:356.46,358.3 1 1
github.com/KOMKZ/go-yogan-framework/jwt/token_manager.go:360.2,360.47 1 1
github.com/KOMKZ/go-yogan-framework/jwt/token_manager.go:360.47,362.3 1 1
github.com/KOMKZ/go-yogan-framework/jwt/token_manager.go:364.2,364.47 1 1
github.com/KOMKZ/go-yogan-framework/jwt/token_manager.go:364.47,366.3 1 1
github.com/KOMKZ/go-yogan-framework/jwt/token_manager.go:368.2,368.47 1 1
github.com/KOMKZ/go-yogan-framework/jwt/token_manager.go:368.47,370.3 1 1
github.com/KOMKZ/go-yogan-framework/jwt/token_manager.go:372.2,372.46 1 1
github.com/KOMKZ/go-yogan-framework/jwt/token_manager.go:372.46,374.3 1 1
github.com/KOMKZ/go-yogan-framework/jwt/token_manager.go:376.2,376.46 1 1
github.com/KOMKZ/go-yogan-framework/jwt/token_manager.go:376.46,378.3 1 1
github.com/KOMKZ/go-yogan-framework/jwt/token_manager.go:380.2,380.46 1 1
github.com/KOMKZ/go-yogan-framework/jwt/token_manager.go:380.46,382.3 1 1
github.com/KOMKZ/go-yogan-framework/jwt/token_manager.go:384.2,384.59 1 1
github.com/KOMKZ/go-yogan-framework/jwt/token_manager.go:384.59,386.3 1 1
github.com/KOMKZ/go-yogan-framework/jwt/token_manager.go:389.2,389.54 1 1
github.com/KOMKZ/go-yogan-framework/jwt/token_manager.go:389.54,391.3 1 1
github.com/KOMKZ/go-yogan-framework/jwt/token_manager.go:393.2,393.56 1 1
github.com/KOMKZ/go-yogan-framework/jwt/token_manager.go:393.56,395.3 1 1
github.com/KOMKZ/go-yogan-framework/jwt/token_manager.go:397.2,397.57 1 1
github.com/KOMKZ/go-yogan-framework/jwt/token_manager.go:397.57,398.30 1 1
github.com/KOMKZ/go-yogan-framework/jwt/token_manager.go:398.30,399.34 1 1
github.com/KOMKZ/go-yogan-framework/jwt/token_manager.go:399.34,401.5 1 1
github.com/KOMKZ/go-yogan-framework/jwt/token_manager.go:405.2,405.57 1 1
github.com/KOMKZ/go-yogan-framework/jwt/token_manager.go:405.57,407.3 1 1
github.com/KOMKZ/go-yogan-framework/jwt/token_manager.go:410.2,410.39 1 1
github.com/KOMKZ/go-yogan-framework/jwt/token_manager.go:410.39,412.3 1 0
github.com/KOMKZ/go-yogan-framework/jwt/token_manager.go:414.2,414.20 1 1
github.com/KOMKZ/go-yogan-framework/jwt/token_manager.go:418.59,420.16 1 1
github.com/KOMKZ/go-yogan-framework/jwt/token_manager.go:420.16,422.3 1 1
github.com/KOMKZ/go-yogan-framework/jwt/token_manager.go:425.2,425.9 1 1
github.com/KOMKZ/go-yogan-framework/jwt/token_manager.go:426.34,427.25 1 1
github.com/KOMKZ/go-yogan-framework/jwt/token_manager.go:428.38,429.29 1 1
github.com/KOMKZ/go-yogan-framework/jwt/token_manager.go:430.43,431.29 1 1
github.com/KOMKZ/go-yogan-framework/jwt/token_manager.go:435.2,436.9 2 1
github.com/KOMKZ/go-yogan-framework/jwt/token_manager.go:437.35,438.25 1 1
github.com/KOMKZ/go-yogan-framework/jwt/token_manager.go:439.41,440.29 1 0
github.com/KOMKZ/go-yogan-framework/jwt/token_manager.go:441.37,442.29 1 1
github.com/KOMKZ/go-yogan-framework/jwt/token_manager.go:443.10,444.25 1 1
github.com/KOMKZ/go-yogan-framework/jwt/token_manager.go:449.38,450.18 1 1
github.com/KOMKZ/go-yogan-framework/jwt/token_manager.go:450.18,452.3 1 1
github.com/KOMKZ/go-yogan-framework/jwt/token_manager.go:453.2,453.43 1 1
github.com/KOMKZ/go-yogan-framework/jwt/token_manager.go:453.43,454.35 1 1
github.com/KOMKZ/go-yogan-framework/jwt/token_manager.go:454.35,456.4 1 1
github.com/KOMKZ/go-yogan-framework/jwt/token_manager.go:458.2,458.14 1 1
github.com/KOMKZ/go-yogan-framework/jwt/token_store_memory.go:22.101,29.25 2 1
github.com/KOMKZ/go-yogan-framework/jwt/token_store_memory.go:29.25,32.3 2 1
github.com/KOMKZ/go-yogan-framework/jwt/token_store_memory.go:34.2,34.14 1 1
github.com/KOMKZ/go-yogan-framework/jwt/token_store_memory.go:38.91,40.13 2 1
github.com/KOMKZ/go-yogan-framework/jwt/token_store_memory.go:40.13,42.3 1 1
github.com/KOMKZ/go-yogan-framework/jwt/token_store_memory.go:44.2,45.30 2 1
github.com/KOMKZ/go-yogan-framework/jwt/token_store_memory.go:45.30,49.3 2 1
github.com/KOMKZ/go-yogan-framework/jwt/token_store_memory.go:51.2,51.18 1 1
github.com/KOMKZ/go-yogan-framework/jwt/token_store_memory.go:55.103,65.2 4 1
github.com/KOMKZ/go-yogan-framework/jwt/token_store_memory.go:68.89,76.2 3 1
github.com/KOMKZ/go-yogan-framework/jwt/token_store_memory.go:79.110,89.2 4 1
github.com/KOMKZ/go-yogan-framework/jwt/token_store_memory.go:92.117,94.13 2 1
github.com/KOMKZ/go-yogan-framework/jwt/token_store_memory.go:94.13,96.3 1 1
github.com/KOMKZ/go-yogan-framework/jwt/token_store_memory.go:98.2,100.44 2 1
github.com/KOMKZ/go-yogan-framework/jwt/token_store_memory.go:104.42,108.2 3 1
github.com/KOMKZ/go-yogan-framework/jwt/token_store_memory.go:111.60,117.6 4 1
github.com/KOMKZ/go-yogan-framework/jwt/token_store_memory.go:117.6,118.10 1 1
github.com/KOMKZ/go-yogan-framework/jwt/token_store_memory.go:119.19,120.17 1 1
github.com/KOMKZ/go-yogan-framework/jwt/token_store_memory.go:121.19,122.10 1 1
github.com/KOMKZ/go-yogan-framework/jwt/token_store_memory.go:128.40,132.54 3 1
github.com/KOMKZ/go-yogan-framework/jwt/token_store_memory.go:132.54,134.24 2 1
github.com/KOMKZ/go-yogan-framework/jwt/token_store_memory.go:134.24,137.4 2 1
github.com/KOMKZ/go-yogan-framework/jwt/token_store_memory.go:138.3,138.14 1 1
github.com/KOMKZ/go-yogan-framework/jwt/token_store_memory.go:141.2,141.15 1 1
github.com/KOMKZ/go-yogan-framework/jwt/token_store_memory.go:141.15,145.3 1 1
github.com/KOMKZ/go-yogan-framework/jwt/token_store_memory.go:149.41,150.22 1 1
github.com/KOMKZ/go-yogan-framework/jwt/token_store_memory.go:150.22,152.3 1 1
github.com/KOMKZ/go-yogan-framework/jwt/token_store_memory.go:153.2,153.27 1 1
github.com/KOMKZ/go-yogan-framework/jwt/token_store_redis.go:21.108,27.2 1 1
github.com/KOMKZ/go-yogan-framework/jwt/token_store_redis.go:30.90,33.16 3 1
github.com/KOMKZ/go-yogan-framework/jwt/token_store_redis.go:33.16,39.3 2 1
github.com/KOMKZ/go-yogan-framework/jwt/token_store_redis.go:41.2,41.24 1 1
github.com/KOMKZ/go-yogan-framework/jwt/token_store_redis.go:45.102,48.16 3 1
github.com/KOMKZ/go-yogan-framework/jwt/token_store_redis.go:48.16,55.3 2 1
github.com/KOMKZ/go-yogan-framework/jwt/token_store_redis.go:57.2,62.12 2 1
github.com/KOMKZ/go-yogan-framework/jwt/token_store_redis.go:66.88,69.16 3 1
github.com/KOMKZ/go-yogan-framework/jwt/token_store_redis.go:69.16,75.3 2 1
github.com/KOMKZ/go-yogan-framework/jwt/token_store_redis.go:77.2,81.12 2 1
github.com/KOMKZ/go-yogan-framework/jwt/token_store_redis.go:85.109,90.16 4 1
github.com/KOMKZ/go-yogan-framework/jwt/token_store_redis.go:90.16,96.3 2 1
github.com/KOMKZ/go-yogan-framework/jwt/token_store_redis.go:98.2,103.12 2 1
github.com/KOMKZ/go-yogan-framework/jwt/token_store_redis.go:107.116,110.22 3 1
github.com/KOMKZ/go-yogan-framework/jwt/token_store_redis.go:110.22,112.3 1 1
github.com/KOMKZ/go-yogan-framework/jwt/token_store_redis.go:113.2,113.16 1 1
github.com/KOMKZ/go-yogan-framework/jwt/token_store_redis.go:113.16,119.3 2 1
github.com/KOMKZ/go-yogan-framework/jwt/token_store_redis.go:122.2,124.16 3 1
github.com/KOMKZ/go-yogan-framework/jwt/token_store_redis.go:124.16,126.3 1 1
github.com/KOMKZ/go-yogan-framework/jwt/token_store_redis.go:129.2,129.45 1 1
github.com/KOMKZ/go-yogan-framework/jwt/token_store_redis.go:133.41,136.2 1 1
github.com/KOMKZ/go-yogan-framework/jwt/token_store_redis.go:139.57,141.2 1 1
github.com/KOMKZ/go-yogan-framework/jwt/token_store_redis.go:144.58,146.2 1 1
