mode: set
github.com/KOMKZ/futurelzapi/pkg/grpc/client_manager.go:23.91,29.2 1 1
github.com/KOMKZ/futurelzapi/pkg/grpc/client_manager.go:32.79,35.42 2 1
github.com/KOMKZ/futurelzapi/pkg/grpc/client_manager.go:35.42,38.3 2 1
github.com/KOMKZ/futurelzapi/pkg/grpc/client_manager.go:39.2,46.42 4 1
github.com/KOMKZ/futurelzapi/pkg/grpc/client_manager.go:46.42,48.3 1 0
github.com/KOMKZ/futurelzapi/pkg/grpc/client_manager.go:51.2,52.9 2 1
github.com/KOMKZ/futurelzapi/pkg/grpc/client_manager.go:52.9,54.3 1 1
github.com/KOMKZ/futurelzapi/pkg/grpc/client_manager.go:57.2,70.16 5 1
github.com/KOMKZ/futurelzapi/pkg/grpc/client_manager.go:70.16,72.3 1 1
github.com/KOMKZ/futurelzapi/pkg/grpc/client_manager.go:75.2,81.18 3 1
github.com/KOMKZ/futurelzapi/pkg/grpc/client_manager.go:85.33,89.34 3 1
github.com/KOMKZ/futurelzapi/pkg/grpc/client_manager.go:89.34,90.38 1 1
github.com/KOMKZ/futurelzapi/pkg/grpc/client_manager.go:90.38,95.4 1 0
github.com/KOMKZ/futurelzapi/pkg/grpc/client_manager.go:95.9,97.4 1 1
github.com/KOMKZ/futurelzapi/pkg/grpc/component.go:18.32,20.2 1 1
github.com/KOMKZ/futurelzapi/pkg/grpc/component.go:23.35,25.2 1 1
github.com/KOMKZ/futurelzapi/pkg/grpc/component.go:28.42,33.2 1 1
github.com/KOMKZ/futurelzapi/pkg/grpc/component.go:36.84,42.55 4 1
github.com/KOMKZ/futurelzapi/pkg/grpc/component.go:42.55,46.3 2 0
github.com/KOMKZ/futurelzapi/pkg/grpc/component.go:49.2,49.24 1 1
github.com/KOMKZ/futurelzapi/pkg/grpc/component.go:49.24,52.3 2 1
github.com/KOMKZ/futurelzapi/pkg/grpc/component.go:55.2,55.26 1 1
github.com/KOMKZ/futurelzapi/pkg/grpc/component.go:55.26,58.3 2 1
github.com/KOMKZ/futurelzapi/pkg/grpc/component.go:60.2,60.12 1 1
github.com/KOMKZ/futurelzapi/pkg/grpc/component.go:64.54,66.21 1 1
github.com/KOMKZ/futurelzapi/pkg/grpc/component.go:66.21,67.42 1 1
github.com/KOMKZ/futurelzapi/pkg/grpc/component.go:67.42,69.4 1 0
github.com/KOMKZ/futurelzapi/pkg/grpc/component.go:72.2,72.12 1 1
github.com/KOMKZ/futurelzapi/pkg/grpc/component.go:76.53,78.21 1 1
github.com/KOMKZ/futurelzapi/pkg/grpc/component.go:78.21,80.3 1 1
github.com/KOMKZ/futurelzapi/pkg/grpc/component.go:83.2,83.28 1 1
github.com/KOMKZ/futurelzapi/pkg/grpc/component.go:83.28,85.3 1 1
github.com/KOMKZ/futurelzapi/pkg/grpc/component.go:87.2,87.12 1 1
github.com/KOMKZ/futurelzapi/pkg/grpc/component.go:91.39,93.2 1 1
github.com/KOMKZ/futurelzapi/pkg/grpc/component.go:96.41,98.2 1 1
github.com/KOMKZ/futurelzapi/pkg/grpc/component.go:101.55,103.2 1 1
github.com/KOMKZ/futurelzapi/pkg/grpc/interceptor.go:13.77,15.51 1 1
github.com/KOMKZ/futurelzapi/pkg/grpc/interceptor.go:15.51,20.17 4 1
github.com/KOMKZ/futurelzapi/pkg/grpc/interceptor.go:20.17,26.4 1 1
github.com/KOMKZ/futurelzapi/pkg/grpc/interceptor.go:26.9,31.4 1 1
github.com/KOMKZ/futurelzapi/pkg/grpc/interceptor.go:33.3,33.19 1 1
github.com/KOMKZ/futurelzapi/pkg/grpc/interceptor.go:38.79,40.60 1 1
github.com/KOMKZ/futurelzapi/pkg/grpc/interceptor.go:40.60,41.16 1 1
github.com/KOMKZ/futurelzapi/pkg/grpc/interceptor.go:41.16,42.32 1 1
github.com/KOMKZ/futurelzapi/pkg/grpc/interceptor.go:42.32,48.5 2 1
github.com/KOMKZ/futurelzapi/pkg/grpc/interceptor.go:50.3,50.27 1 1
github.com/KOMKZ/futurelzapi/pkg/grpc/interceptor.go:55.83,57.82 1 1
github.com/KOMKZ/futurelzapi/pkg/grpc/interceptor.go:57.82,62.17 4 1
github.com/KOMKZ/futurelzapi/pkg/grpc/interceptor.go:62.17,69.4 1 1
github.com/KOMKZ/futurelzapi/pkg/grpc/interceptor.go:69.9,75.4 1 1
github.com/KOMKZ/futurelzapi/pkg/grpc/interceptor.go:77.3,77.13 1 1
github.com/KOMKZ/futurelzapi/pkg/grpc/server.go:21.62,35.23 3 1
github.com/KOMKZ/futurelzapi/pkg/grpc/server.go:35.23,37.3 1 1
github.com/KOMKZ/futurelzapi/pkg/grpc/server.go:39.2,44.3 1 1
github.com/KOMKZ/futurelzapi/pkg/grpc/server.go:48.32,50.16 2 1
github.com/KOMKZ/futurelzapi/pkg/grpc/server.go:50.16,52.3 1 0
github.com/KOMKZ/futurelzapi/pkg/grpc/server.go:55.2,59.12 3 1
github.com/KOMKZ/futurelzapi/pkg/grpc/server.go:59.12,60.45 1 1
github.com/KOMKZ/futurelzapi/pkg/grpc/server.go:60.45,62.4 1 0
github.com/KOMKZ/futurelzapi/pkg/grpc/server.go:65.2,65.12 1 1
github.com/KOMKZ/futurelzapi/pkg/grpc/server.go:69.25,72.2 2 1
github.com/KOMKZ/futurelzapi/pkg/grpc/server.go:75.47,77.2 1 1
