mode: set
github.com/KOMKZ/go-yogan/limiter/algo_adaptive.go:18.64,24.2 1 1
github.com/KOMKZ/go-yogan/limiter/algo_adaptive.go:27.43,29.2 1 1
github.com/KOMKZ/go-yogan/limiter/algo_adaptive.go:32.134,42.16 5 1
github.com/KOMKZ/go-yogan/limiter/algo_adaptive.go:42.16,44.3 1 1
github.com/KOMKZ/go-yogan/limiter/algo_adaptive.go:47.2,54.60 5 1
github.com/KOMKZ/go-yogan/limiter/algo_adaptive.go:58.143,67.16 5 1
github.com/KOMKZ/go-yogan/limiter/algo_adaptive.go:67.16,69.3 1 0
github.com/KOMKZ/go-yogan/limiter/algo_adaptive.go:72.2,78.68 5 1
github.com/KOMKZ/go-yogan/limiter/algo_adaptive.go:82.118,93.2 4 1
github.com/KOMKZ/go-yogan/limiter/algo_adaptive.go:96.92,100.2 2 1
github.com/KOMKZ/go-yogan/limiter/algo_adaptive.go:103.61,108.55 3 1
github.com/KOMKZ/go-yogan/limiter/algo_adaptive.go:108.55,110.3 1 1
github.com/KOMKZ/go-yogan/limiter/algo_adaptive.go:112.2,115.23 2 1
github.com/KOMKZ/go-yogan/limiter/algo_adaptive.go:115.23,118.3 2 1
github.com/KOMKZ/go-yogan/limiter/algo_adaptive.go:121.2,121.25 1 1
github.com/KOMKZ/go-yogan/limiter/algo_adaptive.go:121.25,123.3 1 1
github.com/KOMKZ/go-yogan/limiter/algo_adaptive.go:126.2,132.23 5 1
github.com/KOMKZ/go-yogan/limiter/algo_adaptive.go:132.23,134.3 1 1
github.com/KOMKZ/go-yogan/limiter/algo_adaptive.go:134.8,134.33 1 0
github.com/KOMKZ/go-yogan/limiter/algo_adaptive.go:134.33,136.3 1 0
github.com/KOMKZ/go-yogan/limiter/algo_adaptive.go:136.8,136.31 1 0
github.com/KOMKZ/go-yogan/limiter/algo_adaptive.go:136.31,138.3 1 0
github.com/KOMKZ/go-yogan/limiter/algo_adaptive.go:138.8,142.3 2 0
github.com/KOMKZ/go-yogan/limiter/algo_adaptive.go:145.2,147.19 2 1
github.com/KOMKZ/go-yogan/limiter/algo_adaptive.go:147.19,150.3 1 1
github.com/KOMKZ/go-yogan/limiter/algo_adaptive.go:150.8,150.26 1 1
github.com/KOMKZ/go-yogan/limiter/algo_adaptive.go:150.26,153.3 1 1
github.com/KOMKZ/go-yogan/limiter/algo_adaptive.go:156.2,156.35 1 1
github.com/KOMKZ/go-yogan/limiter/algo_adaptive.go:156.35,158.3 1 0
github.com/KOMKZ/go-yogan/limiter/algo_adaptive.go:159.2,159.35 1 1
github.com/KOMKZ/go-yogan/limiter/algo_adaptive.go:159.35,161.3 1 0
github.com/KOMKZ/go-yogan/limiter/algo_adaptive.go:164.2,164.14 1 1
github.com/KOMKZ/go-yogan/limiter/algo_adaptive.go:168.33,169.11 1 1
github.com/KOMKZ/go-yogan/limiter/algo_adaptive.go:169.11,171.3 1 0
github.com/KOMKZ/go-yogan/limiter/algo_adaptive.go:172.2,172.10 1 1
github.com/KOMKZ/go-yogan/limiter/algo_concurrency.go:13.42,15.2 1 1
github.com/KOMKZ/go-yogan/limiter/algo_concurrency.go:18.46,20.2 1 1
github.com/KOMKZ/go-yogan/limiter/algo_concurrency.go:23.137,24.12 1 1
github.com/KOMKZ/go-yogan/limiter/algo_concurrency.go:24.12,26.3 1 0
github.com/KOMKZ/go-yogan/limiter/algo_concurrency.go:28.2,32.41 3 1
github.com/KOMKZ/go-yogan/limiter/algo_concurrency.go:32.41,34.3 1 0
github.com/KOMKZ/go-yogan/limiter/algo_concurrency.go:36.2,36.27 1 1
github.com/KOMKZ/go-yogan/limiter/algo_concurrency.go:36.27,38.3 1 1
github.com/KOMKZ/go-yogan/limiter/algo_concurrency.go:41.2,41.37 1 1
github.com/KOMKZ/go-yogan/limiter/algo_concurrency.go:41.37,44.17 2 1
github.com/KOMKZ/go-yogan/limiter/algo_concurrency.go:44.17,46.4 1 0
github.com/KOMKZ/go-yogan/limiter/algo_concurrency.go:48.3,52.9 1 1
github.com/KOMKZ/go-yogan/limiter/algo_concurrency.go:55.2,59.8 1 1
github.com/KOMKZ/go-yogan/limiter/algo_concurrency.go:63.146,64.12 1 1
github.com/KOMKZ/go-yogan/limiter/algo_concurrency.go:64.12,66.3 1 0
github.com/KOMKZ/go-yogan/limiter/algo_concurrency.go:68.2,70.6 2 1
github.com/KOMKZ/go-yogan/limiter/algo_concurrency.go:70.6,72.17 2 1
github.com/KOMKZ/go-yogan/limiter/algo_concurrency.go:72.17,74.4 1 0
github.com/KOMKZ/go-yogan/limiter/algo_concurrency.go:76.3,76.19 1 1
github.com/KOMKZ/go-yogan/limiter/algo_concurrency.go:76.19,78.4 1 1
github.com/KOMKZ/go-yogan/limiter/algo_concurrency.go:80.3,80.33 1 1
github.com/KOMKZ/go-yogan/limiter/algo_concurrency.go:80.33,82.4 1 1
github.com/KOMKZ/go-yogan/limiter/algo_concurrency.go:85.3,86.20 2 1
github.com/KOMKZ/go-yogan/limiter/algo_concurrency.go:86.20,88.4 1 0
github.com/KOMKZ/go-yogan/limiter/algo_concurrency.go:90.3,90.10 1 1
github.com/KOMKZ/go-yogan/limiter/algo_concurrency.go:91.21,92.20 1 0
github.com/KOMKZ/go-yogan/limiter/algo_concurrency.go:93.31,93.31 0 1
github.com/KOMKZ/go-yogan/limiter/algo_concurrency.go:100.121,104.41 3 1
github.com/KOMKZ/go-yogan/limiter/algo_concurrency.go:104.41,106.3 1 0
github.com/KOMKZ/go-yogan/limiter/algo_concurrency.go:108.2,108.27 1 1
github.com/KOMKZ/go-yogan/limiter/algo_concurrency.go:108.27,110.3 1 0
github.com/KOMKZ/go-yogan/limiter/algo_concurrency.go:112.2,116.8 1 1
github.com/KOMKZ/go-yogan/limiter/algo_concurrency.go:120.95,123.2 2 1
github.com/KOMKZ/go-yogan/limiter/algo_concurrency.go:126.106,127.12 1 1
github.com/KOMKZ/go-yogan/limiter/algo_concurrency.go:127.12,129.3 1 0
github.com/KOMKZ/go-yogan/limiter/algo_concurrency.go:131.2,133.12 3 1
github.com/KOMKZ/go-yogan/limiter/algo_concurrency.go:137.71,139.2 1 1
github.com/KOMKZ/go-yogan/limiter/algo_sliding_window.go:15.44,17.2 1 1
github.com/KOMKZ/go-yogan/limiter/algo_sliding_window.go:20.48,22.2 1 1
github.com/KOMKZ/go-yogan/limiter/algo_sliding_window.go:25.139,26.12 1 1
github.com/KOMKZ/go-yogan/limiter/algo_sliding_window.go:26.12,28.3 1 0
github.com/KOMKZ/go-yogan/limiter/algo_sliding_window.go:30.2,37.72 5 1
github.com/KOMKZ/go-yogan/limiter/algo_sliding_window.go:37.72,39.3 1 0
github.com/KOMKZ/go-yogan/limiter/algo_sliding_window.go:42.2,44.16 3 1
github.com/KOMKZ/go-yogan/limiter/algo_sliding_window.go:44.16,46.3 1 0
github.com/KOMKZ/go-yogan/limiter/algo_sliding_window.go:49.2,49.26 1 1
github.com/KOMKZ/go-yogan/limiter/algo_sliding_window.go:49.26,51.33 1 1
github.com/KOMKZ/go-yogan/limiter/algo_sliding_window.go:51.33,57.62 4 1
github.com/KOMKZ/go-yogan/limiter/algo_sliding_window.go:57.62,59.5 1 0
github.com/KOMKZ/go-yogan/limiter/algo_sliding_window.go:62.3,67.9 1 1
github.com/KOMKZ/go-yogan/limiter/algo_sliding_window.go:71.2,79.8 2 1
github.com/KOMKZ/go-yogan/limiter/algo_sliding_window.go:83.148,84.12 1 1
github.com/KOMKZ/go-yogan/limiter/algo_sliding_window.go:84.12,86.3 1 0
github.com/KOMKZ/go-yogan/limiter/algo_sliding_window.go:88.2,90.6 2 1
github.com/KOMKZ/go-yogan/limiter/algo_sliding_window.go:90.6,92.17 2 1
github.com/KOMKZ/go-yogan/limiter/algo_sliding_window.go:92.17,94.4 1 0
github.com/KOMKZ/go-yogan/limiter/algo_sliding_window.go:96.3,96.19 1 1
github.com/KOMKZ/go-yogan/limiter/algo_sliding_window.go:96.19,98.4 1 1
github.com/KOMKZ/go-yogan/limiter/algo_sliding_window.go:100.3,100.33 1 1
github.com/KOMKZ/go-yogan/limiter/algo_sliding_window.go:100.33,102.4 1 1
github.com/KOMKZ/go-yogan/limiter/algo_sliding_window.go:104.3,105.20 2 1
github.com/KOMKZ/go-yogan/limiter/algo_sliding_window.go:105.20,107.4 1 0
github.com/KOMKZ/go-yogan/limiter/algo_sliding_window.go:109.3,109.10 1 1
github.com/KOMKZ/go-yogan/limiter/algo_sliding_window.go:110.21,111.20 1 0
github.com/KOMKZ/go-yogan/limiter/algo_sliding_window.go:112.31,112.31 0 1
github.com/KOMKZ/go-yogan/limiter/algo_sliding_window.go:119.123,128.16 6 1
github.com/KOMKZ/go-yogan/limiter/algo_sliding_window.go:128.16,130.3 1 0
github.com/KOMKZ/go-yogan/limiter/algo_sliding_window.go:132.2,137.8 1 1
github.com/KOMKZ/go-yogan/limiter/algo_sliding_window.go:141.97,144.2 2 1
github.com/KOMKZ/go-yogan/limiter/algo_sliding_window.go:147.68,149.2 1 1
github.com/KOMKZ/go-yogan/limiter/algo_token_bucket.go:14.42,16.2 1 1
github.com/KOMKZ/go-yogan/limiter/algo_token_bucket.go:19.46,21.2 1 1
github.com/KOMKZ/go-yogan/limiter/algo_token_bucket.go:24.137,25.12 1 1
github.com/KOMKZ/go-yogan/limiter/algo_token_bucket.go:25.12,27.3 1 0
github.com/KOMKZ/go-yogan/limiter/algo_token_bucket.go:29.2,37.41 5 1
github.com/KOMKZ/go-yogan/limiter/algo_token_bucket.go:37.41,39.3 1 0
github.com/KOMKZ/go-yogan/limiter/algo_token_bucket.go:41.2,42.43 2 1
github.com/KOMKZ/go-yogan/limiter/algo_token_bucket.go:42.43,44.3 1 0
github.com/KOMKZ/go-yogan/limiter/algo_token_bucket.go:47.2,47.53 1 1
github.com/KOMKZ/go-yogan/limiter/algo_token_bucket.go:47.53,50.26 2 1
github.com/KOMKZ/go-yogan/limiter/algo_token_bucket.go:50.26,52.4 1 1
github.com/KOMKZ/go-yogan/limiter/algo_token_bucket.go:53.3,56.67 2 1
github.com/KOMKZ/go-yogan/limiter/algo_token_bucket.go:56.67,58.4 1 0
github.com/KOMKZ/go-yogan/limiter/algo_token_bucket.go:59.3,59.79 1 1
github.com/KOMKZ/go-yogan/limiter/algo_token_bucket.go:59.79,61.4 1 0
github.com/KOMKZ/go-yogan/limiter/algo_token_bucket.go:62.8,68.3 4 1
github.com/KOMKZ/go-yogan/limiter/algo_token_bucket.go:71.2,71.17 1 1
github.com/KOMKZ/go-yogan/limiter/algo_token_bucket.go:71.17,76.67 2 1
github.com/KOMKZ/go-yogan/limiter/algo_token_bucket.go:76.67,78.4 1 0
github.com/KOMKZ/go-yogan/limiter/algo_token_bucket.go:79.3,79.79 1 1
github.com/KOMKZ/go-yogan/limiter/algo_token_bucket.go:79.79,81.4 1 0
github.com/KOMKZ/go-yogan/limiter/algo_token_bucket.go:83.3,88.9 1 1
github.com/KOMKZ/go-yogan/limiter/algo_token_bucket.go:92.2,92.78 1 1
github.com/KOMKZ/go-yogan/limiter/algo_token_bucket.go:92.78,94.3 1 0
github.com/KOMKZ/go-yogan/limiter/algo_token_bucket.go:97.2,106.8 3 1
github.com/KOMKZ/go-yogan/limiter/algo_token_bucket.go:110.146,111.12 1 1
github.com/KOMKZ/go-yogan/limiter/algo_token_bucket.go:111.12,113.3 1 0
github.com/KOMKZ/go-yogan/limiter/algo_token_bucket.go:115.2,117.6 2 1
github.com/KOMKZ/go-yogan/limiter/algo_token_bucket.go:117.6,119.33 1 1
github.com/KOMKZ/go-yogan/limiter/algo_token_bucket.go:119.33,121.4 1 1
github.com/KOMKZ/go-yogan/limiter/algo_token_bucket.go:124.3,125.17 2 1
github.com/KOMKZ/go-yogan/limiter/algo_token_bucket.go:125.17,127.4 1 0
github.com/KOMKZ/go-yogan/limiter/algo_token_bucket.go:129.3,129.19 1 1
github.com/KOMKZ/go-yogan/limiter/algo_token_bucket.go:129.19,131.4 1 1
github.com/KOMKZ/go-yogan/limiter/algo_token_bucket.go:134.3,136.27 3 1
github.com/KOMKZ/go-yogan/limiter/algo_token_bucket.go:136.27,138.4 1 1
github.com/KOMKZ/go-yogan/limiter/algo_token_bucket.go:141.3,141.20 1 1
github.com/KOMKZ/go-yogan/limiter/algo_token_bucket.go:141.20,143.4 1 0
github.com/KOMKZ/go-yogan/limiter/algo_token_bucket.go:145.3,145.10 1 1
github.com/KOMKZ/go-yogan/limiter/algo_token_bucket.go:146.21,147.20 1 0
github.com/KOMKZ/go-yogan/limiter/algo_token_bucket.go:148.31,148.31 0 1
github.com/KOMKZ/go-yogan/limiter/algo_token_bucket.go:155.121,161.41 4 1
github.com/KOMKZ/go-yogan/limiter/algo_token_bucket.go:161.41,163.3 1 0
github.com/KOMKZ/go-yogan/limiter/algo_token_bucket.go:165.2,165.27 1 1
github.com/KOMKZ/go-yogan/limiter/algo_token_bucket.go:165.27,167.3 1 0
github.com/KOMKZ/go-yogan/limiter/algo_token_bucket.go:170.2,171.41 2 1
github.com/KOMKZ/go-yogan/limiter/algo_token_bucket.go:171.41,173.3 1 0
github.com/KOMKZ/go-yogan/limiter/algo_token_bucket.go:175.2,176.27 2 1
github.com/KOMKZ/go-yogan/limiter/algo_token_bucket.go:176.27,178.3 1 1
github.com/KOMKZ/go-yogan/limiter/algo_token_bucket.go:180.2,185.8 1 1
github.com/KOMKZ/go-yogan/limiter/algo_token_bucket.go:189.95,194.2 3 1
github.com/KOMKZ/go-yogan/limiter/algo_token_bucket.go:197.66,199.2 1 1
github.com/KOMKZ/go-yogan/limiter/algo_token_bucket.go:202.70,204.2 1 1
github.com/KOMKZ/go-yogan/limiter/algo_token_bucket.go:207.28,208.11 1 1
github.com/KOMKZ/go-yogan/limiter/algo_token_bucket.go:208.11,210.3 1 1
github.com/KOMKZ/go-yogan/limiter/algo_token_bucket.go:211.2,211.10 1 1
github.com/KOMKZ/go-yogan/limiter/algo_token_bucket.go:215.54,216.11 1 1
github.com/KOMKZ/go-yogan/limiter/algo_token_bucket.go:216.11,218.3 1 1
github.com/KOMKZ/go-yogan/limiter/algo_token_bucket.go:219.2,219.10 1 1
github.com/KOMKZ/go-yogan/limiter/algo_token_bucket.go:223.33,224.11 1 1
github.com/KOMKZ/go-yogan/limiter/algo_token_bucket.go:224.11,226.3 1 0
github.com/KOMKZ/go-yogan/limiter/algo_token_bucket.go:227.2,227.10 1 1
github.com/KOMKZ/go-yogan/limiter/algo_token_bucket.go:231.39,233.2 1 1
github.com/KOMKZ/go-yogan/limiter/algo_token_bucket.go:236.39,238.2 1 1
github.com/KOMKZ/go-yogan/limiter/algorithm.go:52.76,53.38 1 1
github.com/KOMKZ/go-yogan/limiter/algorithm.go:54.28,55.35 1 1
github.com/KOMKZ/go-yogan/limiter/algorithm.go:56.30,57.37 1 0
github.com/KOMKZ/go-yogan/limiter/algorithm.go:58.28,59.35 1 0
github.com/KOMKZ/go-yogan/limiter/algorithm.go:60.25,61.40 1 0
github.com/KOMKZ/go-yogan/limiter/algorithm.go:62.10,64.35 1 0
github.com/KOMKZ/go-yogan/limiter/config.go:64.29,72.2 1 1
github.com/KOMKZ/go-yogan/limiter/config.go:75.45,84.2 1 1
github.com/KOMKZ/go-yogan/limiter/config.go:87.35,88.16 1 1
github.com/KOMKZ/go-yogan/limiter/config.go:88.16,90.3 1 1
github.com/KOMKZ/go-yogan/limiter/config.go:92.2,92.27 1 1
github.com/KOMKZ/go-yogan/limiter/config.go:92.27,94.3 1 1
github.com/KOMKZ/go-yogan/limiter/config.go:97.2,97.85 1 1
github.com/KOMKZ/go-yogan/limiter/config.go:97.85,99.3 1 1
github.com/KOMKZ/go-yogan/limiter/config.go:102.2,102.43 1 1
github.com/KOMKZ/go-yogan/limiter/config.go:102.43,103.25 1 1
github.com/KOMKZ/go-yogan/limiter/config.go:103.25,105.4 1 1
github.com/KOMKZ/go-yogan/limiter/config.go:109.2,109.45 1 1
github.com/KOMKZ/go-yogan/limiter/config.go:109.45,111.3 1 0
github.com/KOMKZ/go-yogan/limiter/config.go:114.2,114.37 1 1
github.com/KOMKZ/go-yogan/limiter/config.go:114.37,119.43 3 1
github.com/KOMKZ/go-yogan/limiter/config.go:119.43,124.4 1 0
github.com/KOMKZ/go-yogan/limiter/config.go:127.2,127.12 1 1
github.com/KOMKZ/go-yogan/limiter/config.go:131.72,135.30 2 1
github.com/KOMKZ/go-yogan/limiter/config.go:135.30,137.3 1 1
github.com/KOMKZ/go-yogan/limiter/config.go:138.2,138.23 1 1
github.com/KOMKZ/go-yogan/limiter/config.go:138.23,140.3 1 1
github.com/KOMKZ/go-yogan/limiter/config.go:141.2,141.27 1 1
github.com/KOMKZ/go-yogan/limiter/config.go:141.27,143.3 1 1
github.com/KOMKZ/go-yogan/limiter/config.go:144.2,144.29 1 1
github.com/KOMKZ/go-yogan/limiter/config.go:144.29,146.3 1 1
github.com/KOMKZ/go-yogan/limiter/config.go:147.2,147.24 1 1
github.com/KOMKZ/go-yogan/limiter/config.go:147.24,149.3 1 0
github.com/KOMKZ/go-yogan/limiter/config.go:150.2,150.29 1 1
github.com/KOMKZ/go-yogan/limiter/config.go:150.29,152.3 1 0
github.com/KOMKZ/go-yogan/limiter/config.go:153.2,153.29 1 1
github.com/KOMKZ/go-yogan/limiter/config.go:153.29,155.3 1 0
github.com/KOMKZ/go-yogan/limiter/config.go:156.2,156.33 1 1
github.com/KOMKZ/go-yogan/limiter/config.go:156.33,158.3 1 0
github.com/KOMKZ/go-yogan/limiter/config.go:159.2,159.26 1 1
github.com/KOMKZ/go-yogan/limiter/config.go:159.26,161.3 1 0
github.com/KOMKZ/go-yogan/limiter/config.go:162.2,162.27 1 1
github.com/KOMKZ/go-yogan/limiter/config.go:162.27,164.3 1 0
github.com/KOMKZ/go-yogan/limiter/config.go:165.2,165.27 1 1
github.com/KOMKZ/go-yogan/limiter/config.go:165.27,167.3 1 0
github.com/KOMKZ/go-yogan/limiter/config.go:168.2,168.28 1 1
github.com/KOMKZ/go-yogan/limiter/config.go:168.28,170.3 1 0
github.com/KOMKZ/go-yogan/limiter/config.go:171.2,171.31 1 1
github.com/KOMKZ/go-yogan/limiter/config.go:171.31,173.3 1 0
github.com/KOMKZ/go-yogan/limiter/config.go:174.2,174.29 1 1
github.com/KOMKZ/go-yogan/limiter/config.go:174.29,176.3 1 0
github.com/KOMKZ/go-yogan/limiter/config.go:177.2,177.33 1 1
github.com/KOMKZ/go-yogan/limiter/config.go:177.33,179.3 1 0
github.com/KOMKZ/go-yogan/limiter/config.go:181.2,181.15 1 1
github.com/KOMKZ/go-yogan/limiter/config.go:185.44,189.61 2 1
github.com/KOMKZ/go-yogan/limiter/config.go:189.61,191.3 1 1
github.com/KOMKZ/go-yogan/limiter/config.go:194.2,194.14 1 1
github.com/KOMKZ/go-yogan/limiter/config.go:195.28,196.19 1 1
github.com/KOMKZ/go-yogan/limiter/config.go:196.19,198.4 1 1
github.com/KOMKZ/go-yogan/limiter/config.go:199.3,199.23 1 1
github.com/KOMKZ/go-yogan/limiter/config.go:199.23,201.4 1 1
github.com/KOMKZ/go-yogan/limiter/config.go:202.3,202.24 1 1
github.com/KOMKZ/go-yogan/limiter/config.go:202.24,204.4 1 0
github.com/KOMKZ/go-yogan/limiter/config.go:205.3,205.34 1 1
github.com/KOMKZ/go-yogan/limiter/config.go:205.34,207.4 1 1
github.com/KOMKZ/go-yogan/limiter/config.go:209.30,210.20 1 1
github.com/KOMKZ/go-yogan/limiter/config.go:210.20,212.4 1 1
github.com/KOMKZ/go-yogan/limiter/config.go:213.3,213.25 1 1
github.com/KOMKZ/go-yogan/limiter/config.go:213.25,215.4 1 1
github.com/KOMKZ/go-yogan/limiter/config.go:216.3,216.25 1 1
github.com/KOMKZ/go-yogan/limiter/config.go:216.25,218.4 1 0
github.com/KOMKZ/go-yogan/limiter/config.go:219.3,219.36 1 1
github.com/KOMKZ/go-yogan/limiter/config.go:219.36,221.4 1 0
github.com/KOMKZ/go-yogan/limiter/config.go:223.28,224.29 1 1
github.com/KOMKZ/go-yogan/limiter/config.go:224.29,226.4 1 1
github.com/KOMKZ/go-yogan/limiter/config.go:227.3,227.22 1 1
github.com/KOMKZ/go-yogan/limiter/config.go:227.22,229.4 1 0
github.com/KOMKZ/go-yogan/limiter/config.go:231.25,232.23 1 1
github.com/KOMKZ/go-yogan/limiter/config.go:232.23,234.4 1 1
github.com/KOMKZ/go-yogan/limiter/config.go:235.3,235.23 1 1
github.com/KOMKZ/go-yogan/limiter/config.go:235.23,237.4 1 1
github.com/KOMKZ/go-yogan/limiter/config.go:238.3,238.32 1 1
github.com/KOMKZ/go-yogan/limiter/config.go:238.32,240.4 1 1
github.com/KOMKZ/go-yogan/limiter/config.go:241.3,241.65 1 1
github.com/KOMKZ/go-yogan/limiter/config.go:241.65,243.4 1 0
github.com/KOMKZ/go-yogan/limiter/config.go:244.3,244.74 1 1
github.com/KOMKZ/go-yogan/limiter/config.go:244.74,246.4 1 0
github.com/KOMKZ/go-yogan/limiter/config.go:247.3,247.45 1 1
github.com/KOMKZ/go-yogan/limiter/config.go:247.45,249.4 1 0
github.com/KOMKZ/go-yogan/limiter/config.go:250.3,250.29 1 1
github.com/KOMKZ/go-yogan/limiter/config.go:250.29,252.4 1 0
github.com/KOMKZ/go-yogan/limiter/config.go:255.2,255.12 1 1
github.com/KOMKZ/go-yogan/limiter/config.go:259.68,260.42 1 1
github.com/KOMKZ/go-yogan/limiter/config.go:260.42,262.3 1 1
github.com/KOMKZ/go-yogan/limiter/config.go:263.2,263.18 1 1
github.com/KOMKZ/go-yogan/limiter/errors.go:33.42,34.22 1 1
github.com/KOMKZ/go-yogan/limiter/errors.go:34.22,35.19 1 1
github.com/KOMKZ/go-yogan/limiter/errors.go:35.19,37.4 1 1
github.com/KOMKZ/go-yogan/limiter/errors.go:38.3,38.108 1 0
github.com/KOMKZ/go-yogan/limiter/errors.go:41.2,41.19 1 1
github.com/KOMKZ/go-yogan/limiter/errors.go:41.19,43.3 1 1
github.com/KOMKZ/go-yogan/limiter/errors.go:45.2,45.18 1 1
github.com/KOMKZ/go-yogan/limiter/errors.go:45.18,47.3 1 1
github.com/KOMKZ/go-yogan/limiter/errors.go:49.2,49.43 1 0
github.com/KOMKZ/go-yogan/limiter/event.go:48.88,55.2 1 1
github.com/KOMKZ/go-yogan/limiter/event.go:58.38,60.2 1 1
github.com/KOMKZ/go-yogan/limiter/event.go:63.39,65.2 1 1
github.com/KOMKZ/go-yogan/limiter/event.go:68.47,70.2 1 1
github.com/KOMKZ/go-yogan/limiter/event.go:73.43,75.2 1 1
github.com/KOMKZ/go-yogan/limiter/event.go:117.49,119.2 1 1
github.com/KOMKZ/go-yogan/limiter/event_bus.go:17.43,18.21 1 1
github.com/KOMKZ/go-yogan/limiter/event_bus.go:18.21,20.3 1 0
github.com/KOMKZ/go-yogan/limiter/event_bus.go:22.2,31.12 4 1
github.com/KOMKZ/go-yogan/limiter/event_bus.go:35.54,39.14 3 1
github.com/KOMKZ/go-yogan/limiter/event_bus.go:39.14,41.3 1 0
github.com/KOMKZ/go-yogan/limiter/event_bus.go:43.2,43.45 1 1
github.com/KOMKZ/go-yogan/limiter/event_bus.go:47.41,51.14 3 1
github.com/KOMKZ/go-yogan/limiter/event_bus.go:51.14,53.3 1 0
github.com/KOMKZ/go-yogan/limiter/event_bus.go:56.2,56.9 1 1
github.com/KOMKZ/go-yogan/limiter/event_bus.go:57.28,57.28 0 1
github.com/KOMKZ/go-yogan/limiter/event_bus.go:58.10,58.10 0 0
github.com/KOMKZ/go-yogan/limiter/event_bus.go:64.28,66.14 2 1
github.com/KOMKZ/go-yogan/limiter/event_bus.go:66.14,69.3 2 0
github.com/KOMKZ/go-yogan/limiter/event_bus.go:70.2,75.13 4 1
github.com/KOMKZ/go-yogan/limiter/event_bus.go:79.31,82.33 2 1
github.com/KOMKZ/go-yogan/limiter/event_bus.go:82.33,89.38 5 1
github.com/KOMKZ/go-yogan/limiter/event_bus.go:89.38,91.11 1 1
github.com/KOMKZ/go-yogan/limiter/event_bus.go:91.11,92.18 1 1
github.com/KOMKZ/go-yogan/limiter/event_bus.go:92.18,93.34 1 1
github.com/KOMKZ/go-yogan/limiter/event_bus.go:93.35,95.7 0 0
github.com/KOMKZ/go-yogan/limiter/event_bus.go:97.5,97.28 1 1
github.com/KOMKZ/go-yogan/limiter/gin_middleware.go:13.92,14.30 1 1
github.com/KOMKZ/go-yogan/limiter/gin_middleware.go:14.30,16.27 1 1
github.com/KOMKZ/go-yogan/limiter/gin_middleware.go:16.27,19.4 2 1
github.com/KOMKZ/go-yogan/limiter/gin_middleware.go:22.3,23.44 2 1
github.com/KOMKZ/go-yogan/limiter/gin_middleware.go:23.44,25.4 1 1
github.com/KOMKZ/go-yogan/limiter/gin_middleware.go:25.9,28.4 1 1
github.com/KOMKZ/go-yogan/limiter/gin_middleware.go:31.3,34.17 3 1
github.com/KOMKZ/go-yogan/limiter/gin_middleware.go:34.17,38.4 2 0
github.com/KOMKZ/go-yogan/limiter/gin_middleware.go:40.3,40.15 1 1
github.com/KOMKZ/go-yogan/limiter/gin_middleware.go:40.15,48.4 3 1
github.com/KOMKZ/go-yogan/limiter/gin_middleware.go:51.3,51.11 1 1
github.com/KOMKZ/go-yogan/limiter/gin_middleware.go:74.80,76.27 1 1
github.com/KOMKZ/go-yogan/limiter/gin_middleware.go:76.27,77.48 1 0
github.com/KOMKZ/go-yogan/limiter/gin_middleware.go:77.48,79.4 1 0
github.com/KOMKZ/go-yogan/limiter/gin_middleware.go:82.2,82.32 1 1
github.com/KOMKZ/go-yogan/limiter/gin_middleware.go:82.32,83.57 1 0
github.com/KOMKZ/go-yogan/limiter/gin_middleware.go:83.57,86.4 1 0
github.com/KOMKZ/go-yogan/limiter/gin_middleware.go:89.2,89.36 1 1
github.com/KOMKZ/go-yogan/limiter/gin_middleware.go:89.36,90.50 1 0
github.com/KOMKZ/go-yogan/limiter/gin_middleware.go:90.50,96.4 2 0
github.com/KOMKZ/go-yogan/limiter/gin_middleware.go:99.2,99.30 1 1
github.com/KOMKZ/go-yogan/limiter/gin_middleware.go:99.30,101.34 1 1
github.com/KOMKZ/go-yogan/limiter/gin_middleware.go:101.34,104.4 2 0
github.com/KOMKZ/go-yogan/limiter/gin_middleware.go:107.3,107.51 1 1
github.com/KOMKZ/go-yogan/limiter/gin_middleware.go:107.51,110.4 2 1
github.com/KOMKZ/go-yogan/limiter/gin_middleware.go:113.3,119.17 4 1
github.com/KOMKZ/go-yogan/limiter/gin_middleware.go:119.17,122.4 2 0
github.com/KOMKZ/go-yogan/limiter/gin_middleware.go:124.3,124.15 1 1
github.com/KOMKZ/go-yogan/limiter/gin_middleware.go:124.15,127.4 2 0
github.com/KOMKZ/go-yogan/limiter/gin_middleware.go:130.3,130.11 1 1
github.com/KOMKZ/go-yogan/limiter/gin_middleware.go:135.37,137.2 1 1
github.com/KOMKZ/go-yogan/limiter/gin_middleware.go:140.60,141.37 1 1
github.com/KOMKZ/go-yogan/limiter/gin_middleware.go:141.37,143.14 2 1
github.com/KOMKZ/go-yogan/limiter/gin_middleware.go:143.14,145.4 1 1
github.com/KOMKZ/go-yogan/limiter/gin_middleware.go:146.3,146.40 1 1
github.com/KOMKZ/go-yogan/limiter/gin_middleware.go:151.44,153.2 1 1
github.com/KOMKZ/go-yogan/limiter/limiter_impl.go:33.50,35.2 1 1
github.com/KOMKZ/go-yogan/limiter/limiter_impl.go:38.119,40.42 1 1
github.com/KOMKZ/go-yogan/limiter/limiter_impl.go:40.42,42.3 1 1
github.com/KOMKZ/go-yogan/limiter/limiter_impl.go:45.2,45.22 1 1
github.com/KOMKZ/go-yogan/limiter/limiter_impl.go:45.22,47.3 1 1
github.com/KOMKZ/go-yogan/limiter/limiter_impl.go:49.2,52.21 2 1
github.com/KOMKZ/go-yogan/limiter/limiter_impl.go:52.21,59.3 2 1
github.com/KOMKZ/go-yogan/limiter/limiter_impl.go:62.2,63.37 2 1
github.com/KOMKZ/go-yogan/limiter/limiter_impl.go:64.23,66.51 2 1
github.com/KOMKZ/go-yogan/limiter/limiter_impl.go:67.22,69.60 1 0
github.com/KOMKZ/go-yogan/limiter/limiter_impl.go:70.10,71.73 1 0
github.com/KOMKZ/go-yogan/limiter/limiter_impl.go:75.2,88.8 3 1
github.com/KOMKZ/go-yogan/limiter/limiter_impl.go:92.77,94.2 1 1
github.com/KOMKZ/go-yogan/limiter/limiter_impl.go:97.87,98.21 1 1
github.com/KOMKZ/go-yogan/limiter/limiter_impl.go:98.21,103.3 1 1
github.com/KOMKZ/go-yogan/limiter/limiter_impl.go:106.2,106.23 1 1
github.com/KOMKZ/go-yogan/limiter/limiter_impl.go:106.23,108.3 1 1
github.com/KOMKZ/go-yogan/limiter/limiter_impl.go:111.2,115.16 3 1
github.com/KOMKZ/go-yogan/limiter/limiter_impl.go:115.16,117.3 1 0
github.com/KOMKZ/go-yogan/limiter/limiter_impl.go:120.2,120.18 1 1
github.com/KOMKZ/go-yogan/limiter/limiter_impl.go:120.18,124.24 2 1
github.com/KOMKZ/go-yogan/limiter/limiter_impl.go:124.24,130.4 1 1
github.com/KOMKZ/go-yogan/limiter/limiter_impl.go:131.8,135.24 2 1
github.com/KOMKZ/go-yogan/limiter/limiter_impl.go:135.24,141.4 1 1
github.com/KOMKZ/go-yogan/limiter/limiter_impl.go:144.2,144.26 1 1
github.com/KOMKZ/go-yogan/limiter/limiter_impl.go:148.68,150.2 1 1
github.com/KOMKZ/go-yogan/limiter/limiter_impl.go:153.78,154.21 1 1
github.com/KOMKZ/go-yogan/limiter/limiter_impl.go:154.21,159.3 1 1
github.com/KOMKZ/go-yogan/limiter/limiter_impl.go:162.2,162.23 1 1
github.com/KOMKZ/go-yogan/limiter/limiter_impl.go:162.23,164.3 1 0
github.com/KOMKZ/go-yogan/limiter/limiter_impl.go:167.2,171.23 3 1
github.com/KOMKZ/go-yogan/limiter/limiter_impl.go:171.23,177.3 1 1
github.com/KOMKZ/go-yogan/limiter/limiter_impl.go:180.2,181.18 2 1
github.com/KOMKZ/go-yogan/limiter/limiter_impl.go:181.18,183.3 1 0
github.com/KOMKZ/go-yogan/limiter/limiter_impl.go:185.2,189.23 3 1
github.com/KOMKZ/go-yogan/limiter/limiter_impl.go:189.23,191.17 2 1
github.com/KOMKZ/go-yogan/limiter/limiter_impl.go:191.17,193.4 1 0
github.com/KOMKZ/go-yogan/limiter/limiter_impl.go:194.3,198.5 1 1
github.com/KOMKZ/go-yogan/limiter/limiter_impl.go:201.2,201.16 1 1
github.com/KOMKZ/go-yogan/limiter/limiter_impl.go:201.16,204.3 2 0
github.com/KOMKZ/go-yogan/limiter/limiter_impl.go:206.2,207.12 2 1
github.com/KOMKZ/go-yogan/limiter/limiter_impl.go:211.64,216.13 4 1
github.com/KOMKZ/go-yogan/limiter/limiter_impl.go:216.13,221.3 1 0
github.com/KOMKZ/go-yogan/limiter/limiter_impl.go:223.2,227.38 3 1
github.com/KOMKZ/go-yogan/limiter/limiter_impl.go:227.38,231.3 3 1
github.com/KOMKZ/go-yogan/limiter/limiter_impl.go:233.2,233.17 1 1
github.com/KOMKZ/go-yogan/limiter/limiter_impl.go:237.42,239.2 1 1
github.com/KOMKZ/go-yogan/limiter/limiter_impl.go:242.42,247.13 4 1
github.com/KOMKZ/go-yogan/limiter/limiter_impl.go:247.13,249.3 1 0
github.com/KOMKZ/go-yogan/limiter/limiter_impl.go:252.2,255.25 2 1
github.com/KOMKZ/go-yogan/limiter/limiter_impl.go:259.33,261.23 1 1
github.com/KOMKZ/go-yogan/limiter/limiter_impl.go:261.23,263.3 1 1
github.com/KOMKZ/go-yogan/limiter/limiter_impl.go:266.2,266.20 1 1
github.com/KOMKZ/go-yogan/limiter/limiter_impl.go:266.20,268.3 1 1
github.com/KOMKZ/go-yogan/limiter/limiter_impl.go:270.2,270.12 1 1
github.com/KOMKZ/go-yogan/limiter/limiter_impl.go:274.36,276.2 1 1
github.com/KOMKZ/go-yogan/limiter/limiter_impl.go:279.68,282.53 2 1
github.com/KOMKZ/go-yogan/limiter/limiter_impl.go:282.53,285.3 2 1
github.com/KOMKZ/go-yogan/limiter/limiter_impl.go:286.2,293.53 4 1
github.com/KOMKZ/go-yogan/limiter/limiter_impl.go:293.53,295.3 1 0
github.com/KOMKZ/go-yogan/limiter/limiter_impl.go:298.2,315.21 6 1
github.com/KOMKZ/go-yogan/limiter/limiter_impl.go:315.21,319.3 1 1
github.com/KOMKZ/go-yogan/limiter/limiter_impl.go:321.2,321.16 1 1
github.com/KOMKZ/go-yogan/limiter/metrics.go:50.78,56.2 1 1
github.com/KOMKZ/go-yogan/limiter/metrics.go:59.59,62.2 2 1
github.com/KOMKZ/go-yogan/limiter/metrics.go:65.58,68.2 2 1
github.com/KOMKZ/go-yogan/limiter/metrics.go:71.59,77.15 5 1
github.com/KOMKZ/go-yogan/limiter/metrics.go:77.15,79.3 1 1
github.com/KOMKZ/go-yogan/limiter/metrics.go:81.2,93.3 4 1
github.com/KOMKZ/go-yogan/limiter/metrics.go:97.36,105.2 6 1
github.com/KOMKZ/go-yogan/limiter/store_memory.go:33.29,43.2 3 1
github.com/KOMKZ/go-yogan/limiter/store_memory.go:46.76,50.14 3 1
github.com/KOMKZ/go-yogan/limiter/store_memory.go:50.14,52.3 1 1
github.com/KOMKZ/go-yogan/limiter/store_memory.go:54.2,55.13 2 1
github.com/KOMKZ/go-yogan/limiter/store_memory.go:55.13,57.3 1 1
github.com/KOMKZ/go-yogan/limiter/store_memory.go:60.2,60.62 1 1
github.com/KOMKZ/go-yogan/limiter/store_memory.go:60.62,62.3 1 1
github.com/KOMKZ/go-yogan/limiter/store_memory.go:64.2,64.22 1 1
github.com/KOMKZ/go-yogan/limiter/store_memory.go:68.99,72.14 3 1
github.com/KOMKZ/go-yogan/limiter/store_memory.go:72.14,74.3 1 1
github.com/KOMKZ/go-yogan/limiter/store_memory.go:76.2,77.13 2 1
github.com/KOMKZ/go-yogan/limiter/store_memory.go:77.13,79.3 1 1
github.com/KOMKZ/go-yogan/limiter/store_memory.go:81.2,86.12 2 1
github.com/KOMKZ/go-yogan/limiter/store_memory.go:90.80,92.16 2 1
github.com/KOMKZ/go-yogan/limiter/store_memory.go:92.16,94.3 1 1
github.com/KOMKZ/go-yogan/limiter/store_memory.go:96.2,97.16 2 1
github.com/KOMKZ/go-yogan/limiter/store_memory.go:97.16,99.3 1 0
github.com/KOMKZ/go-yogan/limiter/store_memory.go:101.2,101.17 1 1
github.com/KOMKZ/go-yogan/limiter/store_memory.go:105.103,107.2 1 1
github.com/KOMKZ/go-yogan/limiter/store_memory.go:110.76,112.2 1 1
github.com/KOMKZ/go-yogan/limiter/store_memory.go:115.91,119.14 3 1
github.com/KOMKZ/go-yogan/limiter/store_memory.go:119.14,121.3 1 0
github.com/KOMKZ/go-yogan/limiter/store_memory.go:123.2,124.40 2 1
github.com/KOMKZ/go-yogan/limiter/store_memory.go:124.40,126.63 1 1
github.com/KOMKZ/go-yogan/limiter/store_memory.go:126.63,128.4 1 0
github.com/KOMKZ/go-yogan/limiter/store_memory.go:128.9,130.18 2 1
github.com/KOMKZ/go-yogan/limiter/store_memory.go:130.18,132.5 1 0
github.com/KOMKZ/go-yogan/limiter/store_memory.go:133.4,133.23 1 1
github.com/KOMKZ/go-yogan/limiter/store_memory.go:137.2,141.66 3 1
github.com/KOMKZ/go-yogan/limiter/store_memory.go:141.66,143.3 1 0
github.com/KOMKZ/go-yogan/limiter/store_memory.go:145.2,150.20 2 1
github.com/KOMKZ/go-yogan/limiter/store_memory.go:154.76,156.2 1 1
github.com/KOMKZ/go-yogan/limiter/store_memory.go:159.91,161.2 1 1
github.com/KOMKZ/go-yogan/limiter/store_memory.go:164.88,168.14 3 1
github.com/KOMKZ/go-yogan/limiter/store_memory.go:168.14,170.3 1 0
github.com/KOMKZ/go-yogan/limiter/store_memory.go:172.2,173.13 2 1
github.com/KOMKZ/go-yogan/limiter/store_memory.go:173.13,175.3 1 0
github.com/KOMKZ/go-yogan/limiter/store_memory.go:177.2,177.13 1 1
github.com/KOMKZ/go-yogan/limiter/store_memory.go:177.13,179.3 1 1
github.com/KOMKZ/go-yogan/limiter/store_memory.go:179.8,181.3 1 0
github.com/KOMKZ/go-yogan/limiter/store_memory.go:183.2,183.12 1 1
github.com/KOMKZ/go-yogan/limiter/store_memory.go:187.83,191.14 3 1
github.com/KOMKZ/go-yogan/limiter/store_memory.go:191.14,193.3 1 0
github.com/KOMKZ/go-yogan/limiter/store_memory.go:195.2,196.13 2 1
github.com/KOMKZ/go-yogan/limiter/store_memory.go:196.13,198.3 1 1
github.com/KOMKZ/go-yogan/limiter/store_memory.go:200.2,200.27 1 1
github.com/KOMKZ/go-yogan/limiter/store_memory.go:200.27,202.3 1 1
github.com/KOMKZ/go-yogan/limiter/store_memory.go:204.2,205.13 2 1
github.com/KOMKZ/go-yogan/limiter/store_memory.go:205.13,207.3 1 0
github.com/KOMKZ/go-yogan/limiter/store_memory.go:209.2,209.17 1 1
github.com/KOMKZ/go-yogan/limiter/store_memory.go:213.70,217.14 3 1
github.com/KOMKZ/go-yogan/limiter/store_memory.go:217.14,219.3 1 0
github.com/KOMKZ/go-yogan/limiter/store_memory.go:221.2,221.27 1 1
github.com/KOMKZ/go-yogan/limiter/store_memory.go:221.27,224.3 2 1
github.com/KOMKZ/go-yogan/limiter/store_memory.go:226.2,226.12 1 1
github.com/KOMKZ/go-yogan/limiter/store_memory.go:230.77,234.14 3 1
github.com/KOMKZ/go-yogan/limiter/store_memory.go:234.14,236.3 1 0
github.com/KOMKZ/go-yogan/limiter/store_memory.go:238.2,239.13 2 1
github.com/KOMKZ/go-yogan/limiter/store_memory.go:239.13,241.3 1 1
github.com/KOMKZ/go-yogan/limiter/store_memory.go:244.2,244.62 1 1
github.com/KOMKZ/go-yogan/limiter/store_memory.go:244.62,246.3 1 1
github.com/KOMKZ/go-yogan/limiter/store_memory.go:248.2,248.18 1 1
github.com/KOMKZ/go-yogan/limiter/store_memory.go:252.97,256.14 3 1
github.com/KOMKZ/go-yogan/limiter/store_memory.go:256.14,258.3 1 0
github.com/KOMKZ/go-yogan/limiter/store_memory.go:260.2,261.13 2 1
github.com/KOMKZ/go-yogan/limiter/store_memory.go:261.13,266.3 2 1
github.com/KOMKZ/go-yogan/limiter/store_memory.go:268.2,270.12 2 1
github.com/KOMKZ/go-yogan/limiter/store_memory.go:274.97,278.14 3 1
github.com/KOMKZ/go-yogan/limiter/store_memory.go:278.14,280.3 1 0
github.com/KOMKZ/go-yogan/limiter/store_memory.go:282.2,283.13 2 1
github.com/KOMKZ/go-yogan/limiter/store_memory.go:283.13,285.3 1 1
github.com/KOMKZ/go-yogan/limiter/store_memory.go:287.2,287.42 1 1
github.com/KOMKZ/go-yogan/limiter/store_memory.go:287.42,288.35 1 1
github.com/KOMKZ/go-yogan/limiter/store_memory.go:288.35,290.4 1 1
github.com/KOMKZ/go-yogan/limiter/store_memory.go:293.2,293.12 1 1
github.com/KOMKZ/go-yogan/limiter/store_memory.go:297.96,301.14 3 1
github.com/KOMKZ/go-yogan/limiter/store_memory.go:301.14,303.3 1 0
github.com/KOMKZ/go-yogan/limiter/store_memory.go:305.2,306.13 2 1
github.com/KOMKZ/go-yogan/limiter/store_memory.go:306.13,308.3 1 1
github.com/KOMKZ/go-yogan/limiter/store_memory.go:311.2,311.64 1 1
github.com/KOMKZ/go-yogan/limiter/store_memory.go:311.64,313.3 1 0
github.com/KOMKZ/go-yogan/limiter/store_memory.go:315.2,316.37 2 1
github.com/KOMKZ/go-yogan/limiter/store_memory.go:316.37,317.35 1 1
github.com/KOMKZ/go-yogan/limiter/store_memory.go:317.35,319.4 1 1
github.com/KOMKZ/go-yogan/limiter/store_memory.go:322.2,322.19 1 1
github.com/KOMKZ/go-yogan/limiter/store_memory.go:326.120,328.2 1 1
github.com/KOMKZ/go-yogan/limiter/store_memory.go:331.37,340.2 6 1
github.com/KOMKZ/go-yogan/limiter/store_memory.go:343.59,347.21 3 1
github.com/KOMKZ/go-yogan/limiter/store_memory.go:347.21,355.13 5 0
github.com/KOMKZ/go-yogan/limiter/store_memory.go:355.13,357.4 1 0
github.com/KOMKZ/go-yogan/limiter/store_memory.go:362.33,366.14 3 0
github.com/KOMKZ/go-yogan/limiter/store_memory.go:366.14,368.3 1 0
github.com/KOMKZ/go-yogan/limiter/store_memory.go:370.2,373.31 2 0
github.com/KOMKZ/go-yogan/limiter/store_memory.go:373.31,374.56 1 0
github.com/KOMKZ/go-yogan/limiter/store_memory.go:374.56,376.4 1 0
github.com/KOMKZ/go-yogan/limiter/store_memory.go:380.2,380.33 1 0
github.com/KOMKZ/go-yogan/limiter/store_memory.go:380.33,381.58 1 0
github.com/KOMKZ/go-yogan/limiter/store_memory.go:381.58,383.4 1 0
github.com/KOMKZ/go-yogan/limiter/store_redis.go:18.56,22.2 1 1
github.com/KOMKZ/go-yogan/limiter/store_redis.go:25.75,27.22 2 1
github.com/KOMKZ/go-yogan/limiter/store_redis.go:27.22,29.3 1 1
github.com/KOMKZ/go-yogan/limiter/store_redis.go:30.2,30.17 1 1
github.com/KOMKZ/go-yogan/limiter/store_redis.go:34.98,36.2 1 1
github.com/KOMKZ/go-yogan/limiter/store_redis.go:39.79,41.22 2 1
github.com/KOMKZ/go-yogan/limiter/store_redis.go:41.22,43.3 1 1
github.com/KOMKZ/go-yogan/limiter/store_redis.go:44.2,44.16 1 1
github.com/KOMKZ/go-yogan/limiter/store_redis.go:44.16,46.3 1 0
github.com/KOMKZ/go-yogan/limiter/store_redis.go:47.2,47.38 1 1
github.com/KOMKZ/go-yogan/limiter/store_redis.go:51.102,53.2 1 1
github.com/KOMKZ/go-yogan/limiter/store_redis.go:56.75,58.2 1 1
github.com/KOMKZ/go-yogan/limiter/store_redis.go:61.90,63.2 1 1
github.com/KOMKZ/go-yogan/limiter/store_redis.go:66.75,68.2 1 1
github.com/KOMKZ/go-yogan/limiter/store_redis.go:71.90,73.2 1 1
github.com/KOMKZ/go-yogan/limiter/store_redis.go:76.87,78.2 1 1
github.com/KOMKZ/go-yogan/limiter/store_redis.go:81.82,83.16 2 1
github.com/KOMKZ/go-yogan/limiter/store_redis.go:83.16,85.3 1 0
github.com/KOMKZ/go-yogan/limiter/store_redis.go:87.2,87.13 1 1
github.com/KOMKZ/go-yogan/limiter/store_redis.go:87.13,89.3 1 1
github.com/KOMKZ/go-yogan/limiter/store_redis.go:90.2,90.17 1 1
github.com/KOMKZ/go-yogan/limiter/store_redis.go:94.69,95.20 1 1
github.com/KOMKZ/go-yogan/limiter/store_redis.go:95.20,97.3 1 1
github.com/KOMKZ/go-yogan/limiter/store_redis.go:98.2,98.41 1 1
github.com/KOMKZ/go-yogan/limiter/store_redis.go:102.76,104.16 2 1
github.com/KOMKZ/go-yogan/limiter/store_redis.go:104.16,106.3 1 0
github.com/KOMKZ/go-yogan/limiter/store_redis.go:107.2,107.23 1 1
github.com/KOMKZ/go-yogan/limiter/store_redis.go:111.96,116.2 1 1
github.com/KOMKZ/go-yogan/limiter/store_redis.go:119.96,124.2 1 1
github.com/KOMKZ/go-yogan/limiter/store_redis.go:127.95,132.2 1 1
github.com/KOMKZ/go-yogan/limiter/store_redis.go:135.119,137.2 1 1
github.com/KOMKZ/go-yogan/limiter/store_redis.go:140.36,144.2 1 1
