mode: set
github.com/KOMKZ/go-yogan-framework/kafka/component.go:22.32,24.2 1 1
github.com/KOMKZ/go-yogan-framework/kafka/component.go:27.35,29.2 1 1
github.com/KOMKZ/go-yogan-framework/kafka/component.go:32.42,34.2 1 1
github.com/KOMKZ/go-yogan-framework/kafka/component.go:37.84,43.56 4 1
github.com/KOMKZ/go-yogan-framework/kafka/component.go:43.56,47.3 2 1
github.com/KOMKZ/go-yogan-framework/kafka/component.go:50.2,50.27 1 1
github.com/KOMKZ/go-yogan-framework/kafka/component.go:50.27,53.3 2 1
github.com/KOMKZ/go-yogan-framework/kafka/component.go:56.2,57.16 2 1
github.com/KOMKZ/go-yogan-framework/kafka/component.go:57.16,59.3 1 0
github.com/KOMKZ/go-yogan-framework/kafka/component.go:61.2,67.12 3 1
github.com/KOMKZ/go-yogan-framework/kafka/component.go:71.54,72.22 1 1
github.com/KOMKZ/go-yogan-framework/kafka/component.go:72.22,74.3 1 1
github.com/KOMKZ/go-yogan-framework/kafka/component.go:76.2,76.47 1 1
github.com/KOMKZ/go-yogan-framework/kafka/component.go:76.47,78.3 1 0
github.com/KOMKZ/go-yogan-framework/kafka/component.go:80.2,81.12 2 1
github.com/KOMKZ/go-yogan-framework/kafka/component.go:85.53,86.22 1 1
github.com/KOMKZ/go-yogan-framework/kafka/component.go:86.22,87.43 1 1
github.com/KOMKZ/go-yogan-framework/kafka/component.go:87.43,89.4 1 0
github.com/KOMKZ/go-yogan-framework/kafka/component.go:91.2,92.12 2 1
github.com/KOMKZ/go-yogan-framework/kafka/component.go:96.43,98.2 1 1
github.com/KOMKZ/go-yogan-framework/kafka/component.go:102.64,103.22 1 1
github.com/KOMKZ/go-yogan-framework/kafka/component.go:103.22,105.3 1 1
github.com/KOMKZ/go-yogan-framework/kafka/component.go:106.2,106.36 1 1
github.com/KOMKZ/go-yogan-framework/kafka/config.go:141.35,142.25 1 1
github.com/KOMKZ/go-yogan-framework/kafka/config.go:142.25,144.3 1 1
github.com/KOMKZ/go-yogan-framework/kafka/config.go:146.2,146.35 1 1
github.com/KOMKZ/go-yogan-framework/kafka/config.go:146.35,147.19 1 1
github.com/KOMKZ/go-yogan-framework/kafka/config.go:147.19,149.4 1 1
github.com/KOMKZ/go-yogan-framework/kafka/config.go:153.2,153.24 1 1
github.com/KOMKZ/go-yogan-framework/kafka/config.go:153.24,154.47 1 1
github.com/KOMKZ/go-yogan-framework/kafka/config.go:154.47,156.4 1 1
github.com/KOMKZ/go-yogan-framework/kafka/config.go:160.2,160.24 1 1
github.com/KOMKZ/go-yogan-framework/kafka/config.go:160.24,161.47 1 1
github.com/KOMKZ/go-yogan-framework/kafka/config.go:161.47,163.4 1 1
github.com/KOMKZ/go-yogan-framework/kafka/config.go:167.2,167.37 1 1
github.com/KOMKZ/go-yogan-framework/kafka/config.go:167.37,168.43 1 1
github.com/KOMKZ/go-yogan-framework/kafka/config.go:168.43,170.4 1 1
github.com/KOMKZ/go-yogan-framework/kafka/config.go:173.2,173.12 1 1
github.com/KOMKZ/go-yogan-framework/kafka/config.go:177.43,178.47 1 1
github.com/KOMKZ/go-yogan-framework/kafka/config.go:178.47,180.3 1 1
github.com/KOMKZ/go-yogan-framework/kafka/config.go:182.2,182.27 1 1
github.com/KOMKZ/go-yogan-framework/kafka/config.go:182.27,184.3 1 1
github.com/KOMKZ/go-yogan-framework/kafka/config.go:186.2,194.39 2 1
github.com/KOMKZ/go-yogan-framework/kafka/config.go:194.39,196.3 1 1
github.com/KOMKZ/go-yogan-framework/kafka/config.go:198.2,198.12 1 1
github.com/KOMKZ/go-yogan-framework/kafka/config.go:202.43,203.21 1 1
github.com/KOMKZ/go-yogan-framework/kafka/config.go:203.21,205.3 1 1
github.com/KOMKZ/go-yogan-framework/kafka/config.go:207.2,207.24 1 1
github.com/KOMKZ/go-yogan-framework/kafka/config.go:207.24,209.3 1 1
github.com/KOMKZ/go-yogan-framework/kafka/config.go:211.2,211.33 1 1
github.com/KOMKZ/go-yogan-framework/kafka/config.go:211.33,212.18 1 1
github.com/KOMKZ/go-yogan-framework/kafka/config.go:212.18,214.4 1 1
github.com/KOMKZ/go-yogan-framework/kafka/config.go:217.2,223.43 2 1
github.com/KOMKZ/go-yogan-framework/kafka/config.go:223.43,225.3 1 1
github.com/KOMKZ/go-yogan-framework/kafka/config.go:227.2,227.12 1 1
github.com/KOMKZ/go-yogan-framework/kafka/config.go:231.39,232.22 1 1
github.com/KOMKZ/go-yogan-framework/kafka/config.go:232.22,234.3 1 1
github.com/KOMKZ/go-yogan-framework/kafka/config.go:236.2,236.22 1 1
github.com/KOMKZ/go-yogan-framework/kafka/config.go:236.22,238.3 1 1
github.com/KOMKZ/go-yogan-framework/kafka/config.go:240.2,245.35 2 1
github.com/KOMKZ/go-yogan-framework/kafka/config.go:245.35,247.3 1 1
github.com/KOMKZ/go-yogan-framework/kafka/config.go:249.2,249.12 1 1
github.com/KOMKZ/go-yogan-framework/kafka/config.go:253.34,254.21 1 1
github.com/KOMKZ/go-yogan-framework/kafka/config.go:254.21,256.3 1 1
github.com/KOMKZ/go-yogan-framework/kafka/config.go:258.2,258.22 1 1
github.com/KOMKZ/go-yogan-framework/kafka/config.go:258.22,260.3 1 1
github.com/KOMKZ/go-yogan-framework/kafka/config.go:262.2,263.28 2 1
github.com/KOMKZ/go-yogan-framework/kafka/config.go:267.42,268.42 1 1
github.com/KOMKZ/go-yogan-framework/kafka/config.go:268.42,270.3 1 1
github.com/KOMKZ/go-yogan-framework/kafka/config.go:272.2,272.20 1 1
github.com/KOMKZ/go-yogan-framework/kafka/config.go:272.20,274.3 1 1
github.com/KOMKZ/go-yogan-framework/kafka/config.go:276.2,276.21 1 1
github.com/KOMKZ/go-yogan-framework/kafka/config.go:276.21,278.3 1 1
github.com/KOMKZ/go-yogan-framework/kafka/config.go:280.2,280.25 1 1
github.com/KOMKZ/go-yogan-framework/kafka/config.go:280.25,282.3 1 1
github.com/KOMKZ/go-yogan-framework/kafka/config.go:284.2,284.28 1 1
github.com/KOMKZ/go-yogan-framework/kafka/config.go:284.28,286.3 1 1
github.com/KOMKZ/go-yogan-framework/kafka/config.go:288.2,288.25 1 1
github.com/KOMKZ/go-yogan-framework/kafka/config.go:288.25,290.3 1 1
github.com/KOMKZ/go-yogan-framework/kafka/config.go:292.2,292.22 1 1
github.com/KOMKZ/go-yogan-framework/kafka/config.go:292.22,294.3 1 1
github.com/KOMKZ/go-yogan-framework/kafka/config.go:296.2,296.27 1 1
github.com/KOMKZ/go-yogan-framework/kafka/config.go:296.27,298.3 1 1
github.com/KOMKZ/go-yogan-framework/kafka/config.go:302.42,303.26 1 1
github.com/KOMKZ/go-yogan-framework/kafka/config.go:303.26,305.3 1 1
github.com/KOMKZ/go-yogan-framework/kafka/config.go:307.2,307.31 1 1
github.com/KOMKZ/go-yogan-framework/kafka/config.go:307.31,309.3 1 1
github.com/KOMKZ/go-yogan-framework/kafka/config.go:311.2,311.27 1 1
github.com/KOMKZ/go-yogan-framework/kafka/config.go:311.27,313.3 1 1
github.com/KOMKZ/go-yogan-framework/kafka/config.go:315.2,315.30 1 1
github.com/KOMKZ/go-yogan-framework/kafka/config.go:315.30,317.3 1 1
github.com/KOMKZ/go-yogan-framework/kafka/config.go:319.2,319.30 1 1
github.com/KOMKZ/go-yogan-framework/kafka/config.go:319.30,321.3 1 1
github.com/KOMKZ/go-yogan-framework/kafka/config.go:323.2,323.21 1 1
github.com/KOMKZ/go-yogan-framework/kafka/config.go:323.21,325.3 1 1
github.com/KOMKZ/go-yogan-framework/kafka/config.go:327.2,327.21 1 1
github.com/KOMKZ/go-yogan-framework/kafka/config.go:327.21,329.3 1 1
github.com/KOMKZ/go-yogan-framework/kafka/config.go:331.2,331.25 1 1
github.com/KOMKZ/go-yogan-framework/kafka/config.go:331.25,333.3 1 1
github.com/KOMKZ/go-yogan-framework/kafka/config.go:335.2,335.31 1 1
github.com/KOMKZ/go-yogan-framework/kafka/config.go:335.31,337.3 1 1
github.com/KOMKZ/go-yogan-framework/kafka/consumer.go:65.131,66.19 1 1
github.com/KOMKZ/go-yogan-framework/kafka/consumer.go:66.19,68.3 1 1
github.com/KOMKZ/go-yogan-framework/kafka/consumer.go:70.2,70.23 1 1
github.com/KOMKZ/go-yogan-framework/kafka/consumer.go:70.23,72.3 1 1
github.com/KOMKZ/go-yogan-framework/kafka/consumer.go:74.2,75.16 2 1
github.com/KOMKZ/go-yogan-framework/kafka/consumer.go:75.16,77.3 1 0
github.com/KOMKZ/go-yogan-framework/kafka/consumer.go:79.2,86.8 1 1
github.com/KOMKZ/go-yogan-framework/kafka/consumer.go:90.82,92.15 2 1
github.com/KOMKZ/go-yogan-framework/kafka/consumer.go:92.15,95.3 2 1
github.com/KOMKZ/go-yogan-framework/kafka/consumer.go:96.2,106.12 6 1
github.com/KOMKZ/go-yogan-framework/kafka/consumer.go:110.58,118.6 3 1
github.com/KOMKZ/go-yogan-framework/kafka/consumer.go:118.6,119.10 1 1
github.com/KOMKZ/go-yogan-framework/kafka/consumer.go:120.19,122.10 2 0
github.com/KOMKZ/go-yogan-framework/kafka/consumer.go:123.21,125.10 2 0
github.com/KOMKZ/go-yogan-framework/kafka/consumer.go:126.11,129.18 2 1
github.com/KOMKZ/go-yogan-framework/kafka/consumer.go:129.18,131.5 1 1
github.com/KOMKZ/go-yogan-framework/kafka/consumer.go:134.4,134.24 1 1
github.com/KOMKZ/go-yogan-framework/kafka/consumer.go:134.24,136.5 1 1
github.com/KOMKZ/go-yogan-framework/kafka/consumer.go:142.38,144.16 2 1
github.com/KOMKZ/go-yogan-framework/kafka/consumer.go:144.16,147.3 2 1
github.com/KOMKZ/go-yogan-framework/kafka/consumer.go:148.2,156.40 5 1
github.com/KOMKZ/go-yogan-framework/kafka/consumer.go:156.40,158.3 1 0
github.com/KOMKZ/go-yogan-framework/kafka/consumer.go:160.2,163.12 2 1
github.com/KOMKZ/go-yogan-framework/kafka/consumer.go:167.42,171.2 3 1
github.com/KOMKZ/go-yogan-framework/kafka/consumer.go:180.81,185.2 2 1
github.com/KOMKZ/go-yogan-framework/kafka/consumer.go:188.83,192.2 2 1
github.com/KOMKZ/go-yogan-framework/kafka/consumer.go:195.121,196.6 1 1
github.com/KOMKZ/go-yogan-framework/kafka/consumer.go:196.6,197.10 1 1
github.com/KOMKZ/go-yogan-framework/kafka/consumer.go:198.35,199.14 1 1
github.com/KOMKZ/go-yogan-framework/kafka/consumer.go:200.38,201.11 1 1
github.com/KOMKZ/go-yogan-framework/kafka/consumer.go:201.11,203.5 1 0
github.com/KOMKZ/go-yogan-framework/kafka/consumer.go:206.4,217.39 2 1
github.com/KOMKZ/go-yogan-framework/kafka/consumer.go:217.39,219.5 1 1
github.com/KOMKZ/go-yogan-framework/kafka/consumer.go:222.4,222.24 1 1
github.com/KOMKZ/go-yogan-framework/kafka/consumer.go:222.24,223.69 1 1
github.com/KOMKZ/go-yogan-framework/kafka/consumer.go:223.69,230.6 1 0
github.com/KOMKZ/go-yogan-framework/kafka/consumer.go:234.4,234.32 1 1
github.com/KOMKZ/go-yogan-framework/kafka/consumer.go:250.113,251.19 1 1
github.com/KOMKZ/go-yogan-framework/kafka/consumer.go:251.19,253.3 1 1
github.com/KOMKZ/go-yogan-framework/kafka/consumer.go:255.2,256.16 2 1
github.com/KOMKZ/go-yogan-framework/kafka/consumer.go:256.16,258.3 1 0
github.com/KOMKZ/go-yogan-framework/kafka/consumer.go:260.2,264.8 1 1
github.com/KOMKZ/go-yogan-framework/kafka/consumer.go:268.139,270.15 2 1
github.com/KOMKZ/go-yogan-framework/kafka/consumer.go:270.15,273.3 2 1
github.com/KOMKZ/go-yogan-framework/kafka/consumer.go:274.2,278.16 4 1
github.com/KOMKZ/go-yogan-framework/kafka/consumer.go:278.16,280.3 1 0
github.com/KOMKZ/go-yogan-framework/kafka/consumer.go:282.2,282.12 1 1
github.com/KOMKZ/go-yogan-framework/kafka/consumer.go:282.12,285.7 2 1
github.com/KOMKZ/go-yogan-framework/kafka/consumer.go:285.7,286.11 1 1
github.com/KOMKZ/go-yogan-framework/kafka/consumer.go:287.20,288.11 1 0
github.com/KOMKZ/go-yogan-framework/kafka/consumer.go:289.22,290.11 1 1
github.com/KOMKZ/go-yogan-framework/kafka/consumer.go:291.47,292.19 1 1
github.com/KOMKZ/go-yogan-framework/kafka/consumer.go:292.19,293.14 1 0
github.com/KOMKZ/go-yogan-framework/kafka/consumer.go:296.5,306.40 2 1
github.com/KOMKZ/go-yogan-framework/kafka/consumer.go:306.40,308.6 1 1
github.com/KOMKZ/go-yogan-framework/kafka/consumer.go:310.5,310.23 1 1
github.com/KOMKZ/go-yogan-framework/kafka/consumer.go:310.23,311.54 1 1
github.com/KOMKZ/go-yogan-framework/kafka/consumer.go:311.54,313.7 1 0
github.com/KOMKZ/go-yogan-framework/kafka/consumer.go:315.45,316.19 1 0
github.com/KOMKZ/go-yogan-framework/kafka/consumer.go:316.19,318.6 1 0
github.com/KOMKZ/go-yogan-framework/kafka/consumer.go:323.2,323.12 1 1
github.com/KOMKZ/go-yogan-framework/kafka/consumer.go:327.39,329.16 2 1
github.com/KOMKZ/go-yogan-framework/kafka/consumer.go:329.16,332.3 2 1
github.com/KOMKZ/go-yogan-framework/kafka/consumer.go:333.2,337.27 4 1
github.com/KOMKZ/go-yogan-framework/kafka/consumer.go:341.43,345.2 3 1
github.com/KOMKZ/go-yogan-framework/kafka/health_checker.go:16.56,21.2 1 1
github.com/KOMKZ/go-yogan-framework/kafka/health_checker.go:24.39,26.2 1 1
github.com/KOMKZ/go-yogan-framework/kafka/health_checker.go:29.58,30.22 1 1
github.com/KOMKZ/go-yogan-framework/kafka/health_checker.go:30.22,32.3 1 1
github.com/KOMKZ/go-yogan-framework/kafka/health_checker.go:35.2,38.33 3 1
github.com/KOMKZ/go-yogan-framework/kafka/health_checker.go:42.59,44.2 1 1
github.com/KOMKZ/go-yogan-framework/kafka/manager.go:29.67,30.19 1 1
github.com/KOMKZ/go-yogan-framework/kafka/manager.go:30.19,32.3 1 1
github.com/KOMKZ/go-yogan-framework/kafka/manager.go:35.2,38.39 2 1
github.com/KOMKZ/go-yogan-framework/kafka/manager.go:38.39,40.3 1 1
github.com/KOMKZ/go-yogan-framework/kafka/manager.go:43.2,44.16 2 1
github.com/KOMKZ/go-yogan-framework/kafka/manager.go:44.16,46.3 1 0
github.com/KOMKZ/go-yogan-framework/kafka/manager.go:48.2,55.15 2 1
github.com/KOMKZ/go-yogan-framework/kafka/manager.go:59.60,64.16 3 1
github.com/KOMKZ/go-yogan-framework/kafka/manager.go:64.16,66.3 1 1
github.com/KOMKZ/go-yogan-framework/kafka/manager.go:67.2,73.26 3 1
github.com/KOMKZ/go-yogan-framework/kafka/manager.go:73.26,77.36 3 1
github.com/KOMKZ/go-yogan-framework/kafka/manager.go:78.10,79.55 1 0
github.com/KOMKZ/go-yogan-framework/kafka/manager.go:80.10,81.57 1 1
github.com/KOMKZ/go-yogan-framework/kafka/manager.go:82.11,83.55 1 1
github.com/KOMKZ/go-yogan-framework/kafka/manager.go:86.3,93.35 6 1
github.com/KOMKZ/go-yogan-framework/kafka/manager.go:94.15,95.59 1 1
github.com/KOMKZ/go-yogan-framework/kafka/manager.go:96.17,97.61 1 1
github.com/KOMKZ/go-yogan-framework/kafka/manager.go:98.14,99.58 1 1
github.com/KOMKZ/go-yogan-framework/kafka/manager.go:100.15,101.59 1 1
github.com/KOMKZ/go-yogan-framework/kafka/manager.go:102.11,103.59 1 1
github.com/KOMKZ/go-yogan-framework/kafka/manager.go:107.3,108.61 2 1
github.com/KOMKZ/go-yogan-framework/kafka/manager.go:112.2,112.26 1 1
github.com/KOMKZ/go-yogan-framework/kafka/manager.go:112.26,115.39 2 1
github.com/KOMKZ/go-yogan-framework/kafka/manager.go:115.39,117.4 1 1
github.com/KOMKZ/go-yogan-framework/kafka/manager.go:117.9,119.4 1 1
github.com/KOMKZ/go-yogan-framework/kafka/manager.go:121.3,133.41 9 1
github.com/KOMKZ/go-yogan-framework/kafka/manager.go:134.21,135.120 1 1
github.com/KOMKZ/go-yogan-framework/kafka/manager.go:136.17,137.116 1 1
github.com/KOMKZ/go-yogan-framework/kafka/manager.go:138.11,139.115 1 1
github.com/KOMKZ/go-yogan-framework/kafka/manager.go:144.2,144.41 1 1
github.com/KOMKZ/go-yogan-framework/kafka/manager.go:144.41,149.29 4 1
github.com/KOMKZ/go-yogan-framework/kafka/manager.go:150.24,152.76 2 1
github.com/KOMKZ/go-yogan-framework/kafka/manager.go:152.76,154.5 1 0
github.com/KOMKZ/go-yogan-framework/kafka/manager.go:155.24,157.76 2 1
github.com/KOMKZ/go-yogan-framework/kafka/manager.go:157.76,159.5 1 0
github.com/KOMKZ/go-yogan-framework/kafka/manager.go:160.11,161.59 1 1
github.com/KOMKZ/go-yogan-framework/kafka/manager.go:166.2,166.39 1 1
github.com/KOMKZ/go-yogan-framework/kafka/manager.go:166.39,171.3 2 1
github.com/KOMKZ/go-yogan-framework/kafka/manager.go:173.2,173.23 1 1
github.com/KOMKZ/go-yogan-framework/kafka/manager.go:177.54,181.14 3 1
github.com/KOMKZ/go-yogan-framework/kafka/manager.go:181.14,183.3 1 1
github.com/KOMKZ/go-yogan-framework/kafka/manager.go:186.2,186.43 1 1
github.com/KOMKZ/go-yogan-framework/kafka/manager.go:186.43,188.3 1 0
github.com/KOMKZ/go-yogan-framework/kafka/manager.go:191.2,191.31 1 1
github.com/KOMKZ/go-yogan-framework/kafka/manager.go:191.31,193.17 2 1
github.com/KOMKZ/go-yogan-framework/kafka/manager.go:193.17,195.4 1 0
github.com/KOMKZ/go-yogan-framework/kafka/manager.go:196.3,197.37 2 1
github.com/KOMKZ/go-yogan-framework/kafka/manager.go:200.2,203.12 2 1
github.com/KOMKZ/go-yogan-framework/kafka/manager.go:207.42,209.16 2 1
github.com/KOMKZ/go-yogan-framework/kafka/manager.go:209.16,211.3 1 0
github.com/KOMKZ/go-yogan-framework/kafka/manager.go:212.2,216.23 3 1
github.com/KOMKZ/go-yogan-framework/kafka/manager.go:216.23,218.3 1 0
github.com/KOMKZ/go-yogan-framework/kafka/manager.go:220.2,220.12 1 1
github.com/KOMKZ/go-yogan-framework/kafka/manager.go:224.42,228.2 3 1
github.com/KOMKZ/go-yogan-framework/kafka/manager.go:231.62,235.28 3 1
github.com/KOMKZ/go-yogan-framework/kafka/manager.go:235.28,237.3 1 1
github.com/KOMKZ/go-yogan-framework/kafka/manager.go:239.2,240.16 2 1
github.com/KOMKZ/go-yogan-framework/kafka/manager.go:240.16,242.3 1 0
github.com/KOMKZ/go-yogan-framework/kafka/manager.go:244.2,245.29 2 1
github.com/KOMKZ/go-yogan-framework/kafka/manager.go:249.91,253.14 3 1
github.com/KOMKZ/go-yogan-framework/kafka/manager.go:253.14,255.3 1 1
github.com/KOMKZ/go-yogan-framework/kafka/manager.go:257.2,257.44 1 1
github.com/KOMKZ/go-yogan-framework/kafka/manager.go:257.44,259.3 1 1
github.com/KOMKZ/go-yogan-framework/kafka/manager.go:262.2,263.39 2 1
github.com/KOMKZ/go-yogan-framework/kafka/manager.go:263.39,265.3 1 1
github.com/KOMKZ/go-yogan-framework/kafka/manager.go:268.2,273.16 5 1
github.com/KOMKZ/go-yogan-framework/kafka/manager.go:273.16,275.3 1 0
github.com/KOMKZ/go-yogan-framework/kafka/manager.go:277.2,278.22 2 1
github.com/KOMKZ/go-yogan-framework/kafka/manager.go:282.59,286.2 3 1
github.com/KOMKZ/go-yogan-framework/kafka/manager.go:289.51,293.14 3 1
github.com/KOMKZ/go-yogan-framework/kafka/manager.go:293.14,295.3 1 1
github.com/KOMKZ/go-yogan-framework/kafka/manager.go:297.2,298.16 2 1
github.com/KOMKZ/go-yogan-framework/kafka/manager.go:298.16,300.3 1 0
github.com/KOMKZ/go-yogan-framework/kafka/manager.go:301.2,305.12 3 1
github.com/KOMKZ/go-yogan-framework/kafka/manager.go:305.12,308.17 2 1
github.com/KOMKZ/go-yogan-framework/kafka/manager.go:308.17,311.4 2 0
github.com/KOMKZ/go-yogan-framework/kafka/manager.go:312.3,313.17 2 1
github.com/KOMKZ/go-yogan-framework/kafka/manager.go:313.17,316.4 2 0
github.com/KOMKZ/go-yogan-framework/kafka/manager.go:317.3,317.17 1 1
github.com/KOMKZ/go-yogan-framework/kafka/manager.go:317.17,319.18 2 0
github.com/KOMKZ/go-yogan-framework/kafka/manager.go:319.18,322.5 2 0
github.com/KOMKZ/go-yogan-framework/kafka/manager.go:324.3,324.14 1 1
github.com/KOMKZ/go-yogan-framework/kafka/manager.go:327.2,327.9 1 1
github.com/KOMKZ/go-yogan-framework/kafka/manager.go:328.20,329.19 1 1
github.com/KOMKZ/go-yogan-framework/kafka/manager.go:330.21,331.13 1 1
github.com/KOMKZ/go-yogan-framework/kafka/manager.go:332.37,333.36 1 0
github.com/KOMKZ/go-yogan-framework/kafka/manager.go:338.69,343.16 4 1
github.com/KOMKZ/go-yogan-framework/kafka/manager.go:343.16,345.3 1 0
github.com/KOMKZ/go-yogan-framework/kafka/manager.go:346.2,349.16 3 1
github.com/KOMKZ/go-yogan-framework/kafka/manager.go:349.16,351.3 1 0
github.com/KOMKZ/go-yogan-framework/kafka/manager.go:353.2,353.20 1 1
github.com/KOMKZ/go-yogan-framework/kafka/manager.go:357.38,359.2 1 1
github.com/KOMKZ/go-yogan-framework/kafka/manager.go:362.33,366.14 3 1
github.com/KOMKZ/go-yogan-framework/kafka/manager.go:366.14,368.3 1 1
github.com/KOMKZ/go-yogan-framework/kafka/manager.go:369.2,374.42 3 1
github.com/KOMKZ/go-yogan-framework/kafka/manager.go:374.42,375.41 1 1
github.com/KOMKZ/go-yogan-framework/kafka/manager.go:375.41,380.4 2 0
github.com/KOMKZ/go-yogan-framework/kafka/manager.go:384.2,384.28 1 1
github.com/KOMKZ/go-yogan-framework/kafka/manager.go:384.28,385.49 1 1
github.com/KOMKZ/go-yogan-framework/kafka/manager.go:385.49,388.4 2 0
github.com/KOMKZ/go-yogan-framework/kafka/manager.go:392.2,392.23 1 1
github.com/KOMKZ/go-yogan-framework/kafka/manager.go:392.23,393.44 1 1
github.com/KOMKZ/go-yogan-framework/kafka/manager.go:393.44,396.4 2 0
github.com/KOMKZ/go-yogan-framework/kafka/manager.go:399.2,399.19 1 1
github.com/KOMKZ/go-yogan-framework/kafka/manager.go:399.19,401.3 1 0
github.com/KOMKZ/go-yogan-framework/kafka/manager.go:403.2,404.12 2 1
github.com/KOMKZ/go-yogan-framework/kafka/producer.go:75.129,76.19 1 1
github.com/KOMKZ/go-yogan-framework/kafka/producer.go:76.19,78.3 1 1
github.com/KOMKZ/go-yogan-framework/kafka/producer.go:80.2,81.16 2 1
github.com/KOMKZ/go-yogan-framework/kafka/producer.go:81.16,83.3 1 0
github.com/KOMKZ/go-yogan-framework/kafka/producer.go:85.2,89.8 1 1
github.com/KOMKZ/go-yogan-framework/kafka/producer.go:93.89,95.14 2 1
github.com/KOMKZ/go-yogan-framework/kafka/producer.go:95.14,98.3 2 1
github.com/KOMKZ/go-yogan-framework/kafka/producer.go:99.2,101.16 2 1
github.com/KOMKZ/go-yogan-framework/kafka/producer.go:101.16,103.3 1 1
github.com/KOMKZ/go-yogan-framework/kafka/producer.go:105.2,105.21 1 1
github.com/KOMKZ/go-yogan-framework/kafka/producer.go:105.21,107.3 1 1
github.com/KOMKZ/go-yogan-framework/kafka/producer.go:110.2,115.22 2 1
github.com/KOMKZ/go-yogan-framework/kafka/producer.go:115.22,117.3 1 1
github.com/KOMKZ/go-yogan-framework/kafka/producer.go:119.2,119.24 1 1
github.com/KOMKZ/go-yogan-framework/kafka/producer.go:119.24,121.3 1 1
github.com/KOMKZ/go-yogan-framework/kafka/producer.go:123.2,123.29 1 1
github.com/KOMKZ/go-yogan-framework/kafka/producer.go:123.29,125.3 1 1
github.com/KOMKZ/go-yogan-framework/kafka/producer.go:128.2,128.26 1 1
github.com/KOMKZ/go-yogan-framework/kafka/producer.go:128.26,130.33 2 1
github.com/KOMKZ/go-yogan-framework/kafka/producer.go:130.33,135.4 1 1
github.com/KOMKZ/go-yogan-framework/kafka/producer.go:136.3,136.30 1 1
github.com/KOMKZ/go-yogan-framework/kafka/producer.go:140.2,141.16 2 1
github.com/KOMKZ/go-yogan-framework/kafka/producer.go:141.16,146.3 2 0
github.com/KOMKZ/go-yogan-framework/kafka/producer.go:148.2,158.8 2 1
github.com/KOMKZ/go-yogan-framework/kafka/producer.go:162.87,163.12 1 1
github.com/KOMKZ/go-yogan-framework/kafka/producer.go:163.12,165.22 2 1
github.com/KOMKZ/go-yogan-framework/kafka/producer.go:165.22,167.4 1 1
github.com/KOMKZ/go-yogan-framework/kafka/producer.go:172.124,174.16 2 1
github.com/KOMKZ/go-yogan-framework/kafka/producer.go:174.16,176.3 1 1
github.com/KOMKZ/go-yogan-framework/kafka/producer.go:178.2,188.25 2 1
github.com/KOMKZ/go-yogan-framework/kafka/producer.go:192.38,196.14 3 1
github.com/KOMKZ/go-yogan-framework/kafka/producer.go:196.14,198.3 1 1
github.com/KOMKZ/go-yogan-framework/kafka/producer.go:200.2,201.43 2 1
github.com/KOMKZ/go-yogan-framework/kafka/producer.go:201.43,203.3 1 0
github.com/KOMKZ/go-yogan-framework/kafka/producer.go:205.2,206.12 2 1
github.com/KOMKZ/go-yogan-framework/kafka/producer.go:223.131,224.19 1 1
github.com/KOMKZ/go-yogan-framework/kafka/producer.go:224.19,226.3 1 1
github.com/KOMKZ/go-yogan-framework/kafka/producer.go:228.2,229.16 2 1
github.com/KOMKZ/go-yogan-framework/kafka/producer.go:229.16,231.3 1 0
github.com/KOMKZ/go-yogan-framework/kafka/producer.go:233.2,246.15 4 1
github.com/KOMKZ/go-yogan-framework/kafka/producer.go:250.41,253.6 2 1
github.com/KOMKZ/go-yogan-framework/kafka/producer.go:253.6,254.10 1 1
github.com/KOMKZ/go-yogan-framework/kafka/producer.go:255.19,256.10 1 1
github.com/KOMKZ/go-yogan-framework/kafka/producer.go:257.40,258.18 1 1
github.com/KOMKZ/go-yogan-framework/kafka/producer.go:258.18,265.12 2 1
github.com/KOMKZ/go-yogan-framework/kafka/producer.go:266.32,266.32 0 1
github.com/KOMKZ/go-yogan-framework/kafka/producer.go:267.13,268.60 1 0
github.com/KOMKZ/go-yogan-framework/kafka/producer.go:271.37,272.18 1 0
github.com/KOMKZ/go-yogan-framework/kafka/producer.go:272.18,276.12 2 0
github.com/KOMKZ/go-yogan-framework/kafka/producer.go:277.31,277.31 0 0
github.com/KOMKZ/go-yogan-framework/kafka/producer.go:278.13,279.57 1 0
github.com/KOMKZ/go-yogan-framework/kafka/producer.go:287.90,289.14 2 1
github.com/KOMKZ/go-yogan-framework/kafka/producer.go:289.14,292.3 2 1
github.com/KOMKZ/go-yogan-framework/kafka/producer.go:293.2,295.16 2 1
github.com/KOMKZ/go-yogan-framework/kafka/producer.go:295.16,297.3 1 1
github.com/KOMKZ/go-yogan-framework/kafka/producer.go:299.2,299.21 1 1
github.com/KOMKZ/go-yogan-framework/kafka/producer.go:299.21,301.3 1 1
github.com/KOMKZ/go-yogan-framework/kafka/producer.go:304.2,309.22 2 1
github.com/KOMKZ/go-yogan-framework/kafka/producer.go:309.22,311.3 1 1
github.com/KOMKZ/go-yogan-framework/kafka/producer.go:314.2,317.9 2 1
github.com/KOMKZ/go-yogan-framework/kafka/producer.go:318.20,319.24 1 0
github.com/KOMKZ/go-yogan-framework/kafka/producer.go:320.31,321.21 1 1
github.com/KOMKZ/go-yogan-framework/kafka/producer.go:322.26,323.18 1 0
github.com/KOMKZ/go-yogan-framework/kafka/producer.go:328.88,330.14 2 1
github.com/KOMKZ/go-yogan-framework/kafka/producer.go:330.14,332.22 2 1
github.com/KOMKZ/go-yogan-framework/kafka/producer.go:332.22,334.4 1 1
github.com/KOMKZ/go-yogan-framework/kafka/producer.go:335.3,335.9 1 1
github.com/KOMKZ/go-yogan-framework/kafka/producer.go:337.2,339.16 2 1
github.com/KOMKZ/go-yogan-framework/kafka/producer.go:339.16,340.22 1 1
github.com/KOMKZ/go-yogan-framework/kafka/producer.go:340.22,342.4 1 1
github.com/KOMKZ/go-yogan-framework/kafka/producer.go:343.3,343.9 1 1
github.com/KOMKZ/go-yogan-framework/kafka/producer.go:346.2,351.22 2 1
github.com/KOMKZ/go-yogan-framework/kafka/producer.go:351.22,353.3 1 1
github.com/KOMKZ/go-yogan-framework/kafka/producer.go:355.2,358.21 2 1
github.com/KOMKZ/go-yogan-framework/kafka/producer.go:358.21,359.13 1 1
github.com/KOMKZ/go-yogan-framework/kafka/producer.go:359.13,360.11 1 1
github.com/KOMKZ/go-yogan-framework/kafka/producer.go:361.33,362.26 1 1
github.com/KOMKZ/go-yogan-framework/kafka/producer.go:363.28,364.23 1 0
github.com/KOMKZ/go-yogan-framework/kafka/producer.go:371.125,373.16 2 1
github.com/KOMKZ/go-yogan-framework/kafka/producer.go:373.16,375.3 1 0
github.com/KOMKZ/go-yogan-framework/kafka/producer.go:377.2,384.25 2 1
github.com/KOMKZ/go-yogan-framework/kafka/producer.go:388.60,390.2 1 1
github.com/KOMKZ/go-yogan-framework/kafka/producer.go:393.47,395.2 1 1
github.com/KOMKZ/go-yogan-framework/kafka/producer.go:398.39,402.14 3 1
github.com/KOMKZ/go-yogan-framework/kafka/producer.go:402.14,404.3 1 1
github.com/KOMKZ/go-yogan-framework/kafka/producer.go:406.2,410.43 4 1
github.com/KOMKZ/go-yogan-framework/kafka/producer.go:410.43,412.3 1 0
github.com/KOMKZ/go-yogan-framework/kafka/producer.go:414.2,418.12 4 1
github.com/KOMKZ/go-yogan-framework/kafka/scram.go:12.54,12.77 1 1
github.com/KOMKZ/go-yogan-framework/kafka/scram.go:15.54,15.77 1 1
github.com/KOMKZ/go-yogan-framework/kafka/scram.go:25.80,27.16 2 1
github.com/KOMKZ/go-yogan-framework/kafka/scram.go:27.16,29.3 1 0
github.com/KOMKZ/go-yogan-framework/kafka/scram.go:30.2,31.12 2 1
github.com/KOMKZ/go-yogan-framework/kafka/scram.go:35.78,37.2 1 1
github.com/KOMKZ/go-yogan-framework/kafka/scram.go:40.38,42.2 1 1
